{"logTime": "0615/124253", "correlationVector":"BEgL+LbamsMAaiwyw4laQj.47","action":"GetUpdates", "result":"DeleteReceived", "context":{"id":"595ae3c6-aece-4237-8047-410a6a5d4437", "isDeleted:":"true", "version":"1686823212882"}}
{"logTime": "0615/124253", "correlationVector":"BEgL+LbamsMAaiwyw4laQj.48","action":"GetUpdates", "result":"DeleteReceived", "context":{"id":"83a2d543-68ef-478d-b795-54c32f4f848b", "isDeleted:":"true", "version":"1686823212883"}}
{"logTime": "0615/124253", "correlationVector":"BEgL+LbamsMAaiwyw4laQj.49","action":"GetUpdates", "result":"DeleteReceived", "context":{"id":"75c4d63b-66b5-456d-a671-e4ee1fe12ba8", "isDeleted:":"true", "version":"1686823212884"}}
{"logTime": "0615/124253", "correlationVector":"BEgL+LbamsMAaiwyw4laQj.50","action":"GetUpdates", "result":"DeleteReceived", "context":{"id":"7285ebfd-67e6-40de-8e74-0c068b16fa01", "isDeleted:":"true", "version":"1686823454758"}}
{"logTime": "0615/124253", "correlationVector":"BEgL+LbamsMAaiwyw4laQj.51","action":"GetUpdates", "result":"DeleteReceived", "context":{"id":"2e522000-8e75-43bc-aa41-f75eb2048914", "isDeleted:":"true", "version":"1686824280191"}}
{"logTime": "0615/124253", "correlationVector":"BEgL+LbamsMAaiwyw4laQj.52","action":"GetUpdates", "result":"DeleteReceived", "context":{"id":"21a9965e-ec51-424d-bdd5-0926a47b1853", "isDeleted:":"true", "version":"1686824717952"}}
{"logTime": "0615/124253", "correlationVector":"BEgL+LbamsMAaiwyw4laQj.53","action":"GetUpdates", "result":"DeleteReceived", "context":{"id":"5716f9be-c540-4ef0-ac3d-b60a089362c9", "isDeleted:":"true", "version":"1686824818452"}}
{"logTime": "0615/124253", "correlationVector":"BEgL+LbamsMAaiwyw4laQj.54","action":"GetUpdates", "result":"DeleteReceived", "context":{"id":"62cdc5ae-7159-4d27-ab1f-d1762e739b90", "isDeleted:":"true", "version":"1686825248201"}}
{"logTime": "0615/124253", "correlationVector":"BEgL+LbamsMAaiwyw4laQj.55","action":"GetUpdates", "result":"DeleteReceived", "context":{"id":"cca7ee9f-3caf-4696-a4fb-63273195e56e", "isDeleted:":"true", "version":"1686825287474"}}
{"logTime": "0615/124253", "correlationVector":"BEgL+LbamsMAaiwyw4laQj.56","action":"GetUpdates", "result":"DeleteReceived", "context":{"id":"e1b29283-dc07-41ca-8574-ef59d76ecee6", "isDeleted:":"true", "version":"1686825287476"}}
{"logTime": "0615/124253", "correlationVector":"BEgL+LbamsMAaiwyw4laQj.57","action":"GetUpdates", "result":"DeleteReceived", "context":{"id":"de53d7f1-aa30-45f5-af17-3165fefb0f03", "isDeleted:":"true", "version":"1686825287477"}}
{"logTime": "0615/124253", "correlationVector":"BEgL+LbamsMAaiwyw4laQj.58","action":"GetUpdates", "result":"DeleteReceived", "context":{"id":"cac75b65-d1c6-4b6c-9328-61dd9bebd451", "isDeleted:":"true", "version":"1686825287478"}}
{"logTime": "0615/124253", "correlationVector":"BEgL+LbamsMAaiwyw4laQj.59","action":"GetUpdates Response", "result":"SERVER_MORE_TO_DOWNLOAD", "context":Received 66 update(s).  Some updates remain.}
{"logTime": "0615/124253", "correlationVector":"vlF+UtiZ0TzG/eEnMcp0wC","action":"Normal GetUpdate request", "result":"", "context":cV=vlF+UtiZ0TzG/eEnMcp0wC
Nudged types: Sessions, User Consents
Refresh requested types: Bookmarks, Preferences, Passwords, Autofill Profiles, Autofill, Autofill Custom Data, Typed URLs, Extensions, Sessions, Extension settings, History Delete Directives, Device Info, User Consents, Send Tab To Self, Web Apps, Collection, Edge E Drop, Encryption Keys}
{"logTime": "0615/124254", "correlationVector":"vlF+UtiZ0TzG/eEnMcp0wC.1","action":"SyncServerConnectionManagerRequest", "result":"SYNC_SERVER_OK", "context":{"environment":"Prod_JapanEast_000f", "migrationStage":"NotStarted", "server":"GENERAL0100000P"}}
{"logTime": "0615/124254", "correlationVector":"vlF+UtiZ0TzG/eEnMcp0wC.2","action":"GetUpdates", "result":"DeleteReceived", "context":{"id":"b7d130c1-3d36-433c-94a1-a5bfc30d9d7d", "isDeleted:":"true", "version":"1686826117780"}}
{"logTime": "0615/124254", "correlationVector":"vlF+UtiZ0TzG/eEnMcp0wC.3","action":"GetUpdates", "result":"DeleteReceived", "context":{"id":"1c6aa18e-3c82-4ff5-b93d-2b30f3004927", "isDeleted:":"true", "version":"1686826117783"}}
{"logTime": "0615/124254", "correlationVector":"vlF+UtiZ0TzG/eEnMcp0wC.4","action":"GetUpdates", "result":"DeleteReceived", "context":{"id":"238d206c-ce63-4e2d-b148-34ad487c8d7c", "isDeleted:":"true", "version":"1686826547995"}}
{"logTime": "0615/124254", "correlationVector":"vlF+UtiZ0TzG/eEnMcp0wC.5","action":"GetUpdates", "result":"DeleteReceived", "context":{"id":"72cca297-32c1-4291-b731-09bca16b00a5", "isDeleted:":"true", "version":"1686826547996"}}
{"logTime": "0615/124254", "correlationVector":"vlF+UtiZ0TzG/eEnMcp0wC.6","action":"GetUpdates", "result":"DeleteReceived", "context":{"id":"30686a16-62ca-427f-9b78-62f75522067d", "isDeleted:":"true", "version":"1686826547999"}}
{"logTime": "0615/124254", "correlationVector":"vlF+UtiZ0TzG/eEnMcp0wC.7","action":"GetUpdates", "result":"DeleteReceived", "context":{"id":"6f9adfb6-8892-4fb6-ad1d-21524a13eece", "isDeleted:":"true", "version":"1686826672626"}}
{"logTime": "0615/124254", "correlationVector":"vlF+UtiZ0TzG/eEnMcp0wC.8","action":"GetUpdates", "result":"DeleteReceived", "context":{"id":"b6c76f53-61f8-486f-9905-a6b52b5ac942", "isDeleted:":"true", "version":"1686826672627"}}
{"logTime": "0615/124254", "correlationVector":"vlF+UtiZ0TzG/eEnMcp0wC.9","action":"GetUpdates", "result":"DeleteReceived", "context":{"id":"bd2e8885-ae68-4e8b-a469-3baad4f972f2", "isDeleted:":"true", "version":"1686826672628"}}
{"logTime": "0615/124254", "correlationVector":"vlF+UtiZ0TzG/eEnMcp0wC.10","action":"GetUpdates", "result":"DeleteReceived", "context":{"id":"f79b3221-b9d1-43a5-8c61-3e1de268bcc0", "isDeleted:":"true", "version":"1686826775511"}}
{"logTime": "0615/124254", "correlationVector":"vlF+UtiZ0TzG/eEnMcp0wC.11","action":"GetUpdates", "result":"DeleteReceived", "context":{"id":"1fc6e25f-adfb-4877-a219-f2aac704f56d", "isDeleted:":"true", "version":"1686826844653"}}
{"logTime": "0615/124254", "correlationVector":"vlF+UtiZ0TzG/eEnMcp0wC.12","action":"GetUpdates", "result":"DeleteReceived", "context":{"id":"7a046579-2cf7-4d1d-91db-f19e76a6bc72", "isDeleted:":"true", "version":"1686826881452"}}
{"logTime": "0615/124254", "correlationVector":"vlF+UtiZ0TzG/eEnMcp0wC.13","action":"GetUpdates", "result":"DeleteReceived", "context":{"id":"44267efc-5a71-44cf-bda3-5aa5ab5a747d", "isDeleted:":"true", "version":"1686826881455"}}
{"logTime": "0615/124254", "correlationVector":"vlF+UtiZ0TzG/eEnMcp0wC.14","action":"GetUpdates", "result":"DeleteReceived", "context":{"id":"f36a5e89-1d1a-4ace-8f5b-e85a48399dae", "isDeleted:":"true", "version":"1686827117608"}}
{"logTime": "0615/124254", "correlationVector":"vlF+UtiZ0TzG/eEnMcp0wC.15","action":"GetUpdates", "result":"DeleteReceived", "context":{"id":"9dd2b8e2-2d5d-4401-82ce-ccac0ee86365", "isDeleted:":"true", "version":"1686827586117"}}
{"logTime": "0615/124254", "correlationVector":"vlF+UtiZ0TzG/eEnMcp0wC.16","action":"GetUpdates", "result":"DeleteReceived", "context":{"id":"76576c1a-b0f3-4539-b555-e917a1577be0", "isDeleted:":"true", "version":"1686827586118"}}
{"logTime": "0615/124254", "correlationVector":"vlF+UtiZ0TzG/eEnMcp0wC.17","action":"GetUpdates", "result":"DeleteReceived", "context":{"id":"acc225f3-2ca0-4bd6-bd06-aef3898d63e8", "isDeleted:":"true", "version":"1686827671341"}}
{"logTime": "0615/124254", "correlationVector":"vlF+UtiZ0TzG/eEnMcp0wC.18","action":"GetUpdates", "result":"DeleteReceived", "context":{"id":"1cb2244c-1ec5-4d3d-b44a-1155af781dff", "isDeleted:":"true", "version":"1686827671342"}}
{"logTime": "0615/124254", "correlationVector":"vlF+UtiZ0TzG/eEnMcp0wC.19","action":"GetUpdates", "result":"DeleteReceived", "context":{"id":"db3c6c9c-f706-44ad-9744-f06be21b3f38", "isDeleted:":"true", "version":"1686828421933"}}
{"logTime": "0615/124254", "correlationVector":"vlF+UtiZ0TzG/eEnMcp0wC.20","action":"GetUpdates", "result":"DeleteReceived", "context":{"id":"7201a563-c9fa-4b87-bfa9-9a0afa6b39c7", "isDeleted:":"true", "version":"1686828421937"}}
{"logTime": "0615/124254", "correlationVector":"vlF+UtiZ0TzG/eEnMcp0wC.21","action":"GetUpdates", "result":"DeleteReceived", "context":{"id":"bfc3479e-52c6-4c74-b6eb-c34e2b8cd886", "isDeleted:":"true", "version":"1686828421938"}}
{"logTime": "0615/124254", "correlationVector":"vlF+UtiZ0TzG/eEnMcp0wC.22","action":"GetUpdates", "result":"DeleteReceived", "context":{"id":"95290d9a-ca94-42dd-a13e-ceae8c9d4d29", "isDeleted:":"true", "version":"1686828454825"}}
{"logTime": "0615/124254", "correlationVector":"vlF+UtiZ0TzG/eEnMcp0wC.23","action":"GetUpdates", "result":"DeleteReceived", "context":{"id":"c7b4c790-2382-46e0-bd83-0b55e1c72150", "isDeleted:":"true", "version":"1686829484154"}}
{"logTime": "0615/124254", "correlationVector":"vlF+UtiZ0TzG/eEnMcp0wC.24","action":"GetUpdates", "result":"DeleteReceived", "context":{"id":"471d28fc-c5cb-4389-8012-f0dc6cf4a041", "isDeleted:":"true", "version":"1686829581677"}}
{"logTime": "0615/124254", "correlationVector":"vlF+UtiZ0TzG/eEnMcp0wC.25","action":"GetUpdates", "result":"DeleteReceived", "context":{"id":"c421fd10-0262-4bba-ba1c-2ed2aafaa9f3", "isDeleted:":"true", "version":"1686829615831"}}
{"logTime": "0615/124254", "correlationVector":"vlF+UtiZ0TzG/eEnMcp0wC.26","action":"GetUpdates", "result":"DeleteReceived", "context":{"id":"3a58159f-0ffa-4267-8284-a09e81b7580c", "isDeleted:":"true", "version":"1686829648053"}}
{"logTime": "0615/124254", "correlationVector":"vlF+UtiZ0TzG/eEnMcp0wC.27","action":"GetUpdates", "result":"DeleteReceived", "context":{"id":"32f2360a-e5d2-434e-9320-915fb96fe996", "isDeleted:":"true", "version":"1686829686437"}}
{"logTime": "0615/124254", "correlationVector":"vlF+UtiZ0TzG/eEnMcp0wC.28","action":"GetUpdates", "result":"DeleteReceived", "context":{"id":"2b3ff907-bd86-4fa3-9ecd-86f4801a0c9d", "isDeleted:":"true", "version":"1686829686440"}}
{"logTime": "0615/124254", "correlationVector":"vlF+UtiZ0TzG/eEnMcp0wC.29","action":"GetUpdates", "result":"DeleteReceived", "context":{"id":"7f221edd-cbe3-4867-a504-8ff947475e1c", "isDeleted:":"true", "version":"1686829686441"}}
{"logTime": "0615/124254", "correlationVector":"vlF+UtiZ0TzG/eEnMcp0wC.30","action":"GetUpdates", "result":"DeleteReceived", "context":{"id":"b400173b-e5b4-41e0-b0f1-a5329e331f8f", "isDeleted:":"true", "version":"1686829766746"}}
{"logTime": "0615/124254", "correlationVector":"vlF+UtiZ0TzG/eEnMcp0wC.31","action":"GetUpdates", "result":"DeleteReceived", "context":{"id":"c634ef37-a365-45f8-9adb-52bd19a6298e", "isDeleted:":"true", "version":"1686829766747"}}
{"logTime": "0615/124254", "correlationVector":"vlF+UtiZ0TzG/eEnMcp0wC.32","action":"GetUpdates", "result":"DeleteReceived", "context":{"id":"abf112f5-09b2-452f-ac4f-01cc40dc5337", "isDeleted:":"true", "version":"1686829766748"}}
{"logTime": "0615/124254", "correlationVector":"vlF+UtiZ0TzG/eEnMcp0wC.33","action":"GetUpdates", "result":"DeleteReceived", "context":{"id":"a0bda18c-6982-400f-a546-43cd9ae54636", "isDeleted:":"true", "version":"1686829766749"}}
{"logTime": "0615/124254", "correlationVector":"vlF+UtiZ0TzG/eEnMcp0wC.34","action":"GetUpdates", "result":"DeleteReceived", "context":{"id":"723a9c9d-db4b-4b32-84af-f319d1cbf484", "isDeleted:":"true", "version":"1686830218066"}}
{"logTime": "0615/124254", "correlationVector":"vlF+UtiZ0TzG/eEnMcp0wC.35","action":"GetUpdates", "result":"DeleteReceived", "context":{"id":"47714ad2-fce8-42f1-906c-323adc4a2ae4", "isDeleted:":"true", "version":"1686830384863"}}
{"logTime": "0615/124254", "correlationVector":"vlF+UtiZ0TzG/eEnMcp0wC.36","action":"GetUpdates", "result":"DeleteReceived", "context":{"id":"80d03c39-7f9f-4b05-a848-d6fb19829106", "isDeleted:":"true", "version":"1686830533754"}}
{"logTime": "0615/124254", "correlationVector":"vlF+UtiZ0TzG/eEnMcp0wC.37","action":"GetUpdates", "result":"DeleteReceived", "context":{"id":"3e3c29f1-3546-41b9-909a-35b5aa2e3336", "isDeleted:":"true", "version":"1686830533755"}}
{"logTime": "0615/124254", "correlationVector":"vlF+UtiZ0TzG/eEnMcp0wC.38","action":"GetUpdates", "result":"DeleteReceived", "context":{"id":"bc07b956-eabf-47fa-8a17-df6559f004d9", "isDeleted:":"true", "version":"1686830533758"}}
{"logTime": "0615/124254", "correlationVector":"vlF+UtiZ0TzG/eEnMcp0wC.39","action":"GetUpdates", "result":"DeleteReceived", "context":{"id":"6e6aa81d-6584-4c43-82c6-2a3ba3a4b065", "isDeleted:":"true", "version":"1686830533759"}}
{"logTime": "0615/124254", "correlationVector":"vlF+UtiZ0TzG/eEnMcp0wC.40","action":"GetUpdates", "result":"DeleteReceived", "context":{"id":"75c5ca4e-6406-4a9b-b786-05adde735f15", "isDeleted:":"true", "version":"1686830533761"}}
{"logTime": "0615/124254", "correlationVector":"vlF+UtiZ0TzG/eEnMcp0wC.41","action":"GetUpdates", "result":"DeleteReceived", "context":{"id":"dcbffd55-8c71-42d4-8ff0-09605af2fdcb", "isDeleted:":"true", "version":"1686830533762"}}
{"logTime": "0615/124254", "correlationVector":"vlF+UtiZ0TzG/eEnMcp0wC.42","action":"GetUpdates", "result":"DeleteReceived", "context":{"id":"7a66f3c4-257b-47b6-848e-fe76936f72cc", "isDeleted:":"true", "version":"1686830533763"}}
{"logTime": "0615/124254", "correlationVector":"vlF+UtiZ0TzG/eEnMcp0wC.43","action":"GetUpdates", "result":"DeleteReceived", "context":{"id":"b0540144-2a5b-41d3-9cc2-63ed26599255", "isDeleted:":"true", "version":"1686830533764"}}
{"logTime": "0615/124254", "correlationVector":"vlF+UtiZ0TzG/eEnMcp0wC.44","action":"GetUpdates", "result":"DeleteReceived", "context":{"id":"8161f1f6-6723-4ff5-8411-ca7ae73cef9d", "isDeleted:":"true", "version":"1686830533765"}}
{"logTime": "0615/124254", "correlationVector":"vlF+UtiZ0TzG/eEnMcp0wC.45","action":"GetUpdates", "result":"DeleteReceived", "context":{"id":"ea41eb2c-d54a-409b-9235-ed627d6f001d", "isDeleted:":"true", "version":"1686830533766"}}
{"logTime": "0615/124254", "correlationVector":"vlF+UtiZ0TzG/eEnMcp0wC.46","action":"GetUpdates", "result":"DeleteReceived", "context":{"id":"5b28c029-5e88-4805-97d7-5d6dd916f29e", "isDeleted:":"true", "version":"1686830565031"}}
{"logTime": "0615/124254", "correlationVector":"vlF+UtiZ0TzG/eEnMcp0wC.47","action":"GetUpdates", "result":"DeleteReceived", "context":{"id":"d32db1dc-71d7-4bb7-87b0-c2190e211973", "isDeleted:":"true", "version":"1686831252460"}}
{"logTime": "0615/124254", "correlationVector":"vlF+UtiZ0TzG/eEnMcp0wC.48","action":"GetUpdates", "result":"DeleteReceived", "context":{"id":"838a4998-51fe-4a19-b2cf-45e92b53c489", "isDeleted:":"true", "version":"1686831252463"}}
{"logTime": "0615/124254", "correlationVector":"vlF+UtiZ0TzG/eEnMcp0wC.49","action":"GetUpdates", "result":"DeleteReceived", "context":{"id":"b748d62f-fe31-4e13-9032-beabd104ccc5", "isDeleted:":"true", "version":"1686831549283"}}
{"logTime": "0615/124254", "correlationVector":"vlF+UtiZ0TzG/eEnMcp0wC.50","action":"GetUpdates", "result":"DeleteReceived", "context":{"id":"77277c31-82bc-4318-9a8e-51b89c79e884", "isDeleted:":"true", "version":"1686831723544"}}
{"logTime": "0615/124254", "correlationVector":"vlF+UtiZ0TzG/eEnMcp0wC.51","action":"GetUpdates", "result":"DeleteReceived", "context":{"id":"e8cdd33d-2c81-4682-8407-f3ee85a89e6c", "isDeleted:":"true", "version":"1686831723545"}}
{"logTime": "0615/124254", "correlationVector":"vlF+UtiZ0TzG/eEnMcp0wC.52","action":"GetUpdates", "result":"DeleteReceived", "context":{"id":"56d29877-5184-4afe-9f73-c10c45fc839e", "isDeleted:":"true", "version":"1686831913135"}}
{"logTime": "0615/124254", "correlationVector":"vlF+UtiZ0TzG/eEnMcp0wC.53","action":"GetUpdates", "result":"DeleteReceived", "context":{"id":"5da6e209-1ef8-4ec9-84e4-d9d4c0af91e1", "isDeleted:":"true", "version":"1686831913138"}}
{"logTime": "0615/124254", "correlationVector":"vlF+UtiZ0TzG/eEnMcp0wC.54","action":"GetUpdates", "result":"DeleteReceived", "context":{"id":"553f78aa-635a-44a2-9e5a-5115777539f3", "isDeleted:":"true", "version":"1686831946945"}}
{"logTime": "0615/124254", "correlationVector":"vlF+UtiZ0TzG/eEnMcp0wC.55","action":"GetUpdates", "result":"DeleteReceived", "context":{"id":"920def15-ac05-4dad-b2e9-51cc2a1eb630", "isDeleted:":"true", "version":"1686832046752"}}
{"logTime": "0615/124254", "correlationVector":"vlF+UtiZ0TzG/eEnMcp0wC.56","action":"GetUpdates", "result":"DeleteReceived", "context":{"id":"8178f5be-e5ea-4295-9b72-d37df31e3c4a", "isDeleted:":"true", "version":"1686832046754"}}
{"logTime": "0615/124254", "correlationVector":"vlF+UtiZ0TzG/eEnMcp0wC.57","action":"GetUpdates", "result":"DeleteReceived", "context":{"id":"cba17759-5647-4a10-a6b5-2e74ac446ee8", "isDeleted:":"true", "version":"1686832114527"}}
{"logTime": "0615/124254", "correlationVector":"vlF+UtiZ0TzG/eEnMcp0wC.58","action":"GetUpdates", "result":"DeleteReceived", "context":{"id":"ba4d5925-c6ca-4f16-9449-f65063c61d7f", "isDeleted:":"true", "version":"1686832472632"}}
{"logTime": "0615/124254", "correlationVector":"vlF+UtiZ0TzG/eEnMcp0wC.59","action":"GetUpdates", "result":"DeleteReceived", "context":{"id":"15526c1f-5ca5-4efb-9389-ff8971e88e61", "isDeleted:":"true", "version":"1686832472634"}}
{"logTime": "0615/124254", "correlationVector":"vlF+UtiZ0TzG/eEnMcp0wC.60","action":"GetUpdates", "result":"DeleteReceived", "context":{"id":"b8364b53-4773-4110-b4ee-1451e06224c9", "isDeleted:":"true", "version":"1686832472638"}}
{"logTime": "0615/124254", "correlationVector":"vlF+UtiZ0TzG/eEnMcp0wC.61","action":"GetUpdates", "result":"DeleteReceived", "context":{"id":"5cf1ddd6-4b37-4fe0-99ef-5555dd69f6a6", "isDeleted:":"true", "version":"1686832472639"}}
{"logTime": "0615/124254", "correlationVector":"vlF+UtiZ0TzG/eEnMcp0wC.62","action":"GetUpdates", "result":"DeleteReceived", "context":{"id":"e0abbd49-7da9-480a-8bb3-f4a8b2fb38ef", "isDeleted:":"true", "version":"1686832510880"}}
{"logTime": "0615/124254", "correlationVector":"vlF+UtiZ0TzG/eEnMcp0wC.63","action":"GetUpdates", "result":"DeleteReceived", "context":{"id":"f6d8e337-11b9-48dd-bdfd-e2ae87e1f987", "isDeleted:":"true", "version":"1686832510882"}}
{"logTime": "0615/124254", "correlationVector":"vlF+UtiZ0TzG/eEnMcp0wC.64","action":"GetUpdates Response", "result":"SYNCER_OK", "context":Received 82 update(s). cV=vlF+UtiZ0TzG/eEnMcp0wC.0;server=GENERAL0100000P;cloudType=Consumer;environment=Prod_JapanEast_000f;migrationStage=NotStarted}
{"logTime": "0615/124254", "correlationVector":"d1189gAq4bdpi3OXAW0H6x","action":"Commit Request", "result":"", "context":Item count: 14
Contributing types: Sessions, User Consents}
{"logTime": "0615/124256", "correlationVector":"d1189gAq4bdpi3OXAW0H6x.1","action":"SyncServerConnectionManagerRequest", "result":"SYNC_SERVER_OK", "context":{"environment":"Prod_JapanEast_000f", "migrationStage":"NotStarted", "server":"GENERAL0100000P"}}
{"logTime": "0615/124256", "correlationVector":"d1189gAq4bdpi3OXAW0H6x.3","action":"Commit.Sessions", "result":"Success", "context":{"id":"1ae3ae18-2e5c-4022-bcb3-e28121e60b94", "isDeleted":"true", "size":"0", "version":"1686821755195"}}
{"logTime": "0615/124256", "correlationVector":"d1189gAq4bdpi3OXAW0H6x.4","action":"Commit.Sessions", "result":"Success", "context":{"id":"2b3a929c-ec25-448a-b2ff-6ff08da43ea0", "isDeleted":"true", "size":"0", "version":"1686832114525"}}
{"logTime": "0615/124256", "correlationVector":"d1189gAq4bdpi3OXAW0H6x.2","action":"Commit Response", "result":"SYNCER_OK", "context":Result: SYNCER_OK. cV=d1189gAq4bdpi3OXAW0H6x.0;server=GENERAL0100000P;cloudType=Consumer;environment=Prod_JapanEast_000f;migrationStage=NotStarted}
{"logTime": "0615/124256", "correlationVector":"d1189gAq4bdpi3OXAW0H6x.5","action":"Commit.Sessions", "result":"Success", "context":{"id":"5c854942-8390-4130-b9b9-34fb8dd4988f", "isDeleted":"true", "size":"0", "version":"1686832793332"}}
{"logTime": "0615/124256", "correlationVector":"d1189gAq4bdpi3OXAW0H6x.6","action":"Commit.Sessions", "result":"Success", "context":{"id":"03d65e97-1102-490c-983f-dd7076c92a0e", "isDeleted":"true", "size":"0", "version":"1686832926764"}}
{"logTime": "0615/124256", "correlationVector":"d1189gAq4bdpi3OXAW0H6x.7","action":"Commit.Sessions", "result":"Success", "context":{"id":"e68ad3b0-c9cc-4912-8047-f1d2a87ab33e", "isDeleted":"true", "size":"0", "version":"1686830384866"}}
{"logTime": "0615/124256", "correlationVector":"d1189gAq4bdpi3OXAW0H6x.8","action":"Commit.Sessions", "result":"Success", "context":{"id":"0044617e-14d6-4001-bfcf-b19bf80ab85d", "isDeleted":"true", "size":"0", "version":"1686826117782"}}
{"logTime": "0615/124256", "correlationVector":"d1189gAq4bdpi3OXAW0H6x.9","action":"Commit.Sessions", "result":"Success", "context":{"id":"4895fffc-1acf-487e-b913-f690946210df", "isDeleted":"true", "size":"0", "version":"1686832472633"}}
{"logTime": "0615/124256", "correlationVector":"d1189gAq4bdpi3OXAW0H6x.10","action":"Commit.Sessions", "result":"Success", "context":{"id":"3ebc04cc-4993-4769-93d1-5d7e661a4cf1", "isDeleted":"true", "size":"0", "version":"1686832667445"}}
{"logTime": "0615/124256", "correlationVector":"d1189gAq4bdpi3OXAW0H6x.11","action":"Commit.Sessions", "result":"Success", "context":{"id":"403f9ee1-bd37-4213-9bea-0ba4c8ff5f10", "isDeleted":"true", "size":"0", "version":"1686832667446"}}
{"logTime": "0615/124256", "correlationVector":"d1189gAq4bdpi3OXAW0H6x.12","action":"Commit.Sessions", "result":"Success", "context":{"id":"460af725-eb28-41d3-8590-2848c215a60c", "isDeleted":"true", "size":"0", "version":"1686832667447"}}
{"logTime": "0615/124256", "correlationVector":"d1189gAq4bdpi3OXAW0H6x.13","action":"Commit.Sessions", "result":"Success", "context":{"id":"7ca1b0d0-c527-473b-aca2-5ca3fa3e25af", "isDeleted":"true", "size":"0", "version":"1686832793335"}}
{"logTime": "0615/124256", "correlationVector":"d1189gAq4bdpi3OXAW0H6x.14","action":"Commit.Sessions", "result":"Success", "context":{"id":"2ef74d46-4da4-4406-8ccb-85ed919cf394", "isDeleted":"true", "size":"0", "version":"1686832667448"}}
{"logTime": "0615/124401", "correlationVector":"aQZj1j866SodCBhoAia75x","action":"Commit Request", "result":"", "context":Item count: 2
Contributing types: Sessions}
{"logTime": "0615/124402", "correlationVector":"aQZj1j866SodCBhoAia75x.1","action":"SyncServerConnectionManagerRequest", "result":"SYNC_SERVER_OK", "context":{"environment":"Prod_JapanEast_000f", "migrationStage":"NotStarted", "server":"GENERAL0100000I"}}
{"logTime": "0615/124402", "correlationVector":"aQZj1j866SodCBhoAia75x.2","action":"Commit Response", "result":"SYNCER_OK", "context":Result: SYNCER_OK. cV=aQZj1j866SodCBhoAia75x.0;server=GENERAL0100000I;cloudType=Consumer;environment=Prod_JapanEast_000f;migrationStage=NotStarted}
{"logTime": "0615/124510", "correlationVector":"+4MxWbA6c35E9tdmwJ6tSJ","action":"Commit Request", "result":"", "context":Item count: 4
Contributing types: Typed URLs, Sessions}
{"logTime": "0615/124511", "correlationVector":"+4MxWbA6c35E9tdmwJ6tSJ.1","action":"SyncServerConnectionManagerRequest", "result":"SYNC_SERVER_OK", "context":{"environment":"Prod_JapanEast_000f", "migrationStage":"NotStarted", "server":"GENERAL0100000F"}}
{"logTime": "0615/124511", "correlationVector":"+4MxWbA6c35E9tdmwJ6tSJ.2","action":"Commit Response", "result":"SYNCER_OK", "context":Result: SYNCER_OK. cV=+4MxWbA6c35E9tdmwJ6tSJ.0;server=GENERAL0100000F;cloudType=Consumer;environment=Prod_JapanEast_000f;migrationStage=NotStarted}
{"logTime": "0615/124545", "correlationVector":"qw/LCccpRcOUqrx3pvT9FL","action":"Commit Request", "result":"", "context":Item count: 5
Contributing types: Typed URLs, Sessions}
{"logTime": "0615/124546", "correlationVector":"qw/LCccpRcOUqrx3pvT9FL.1","action":"SyncServerConnectionManagerRequest", "result":"SYNC_SERVER_OK", "context":{"environment":"Prod_JapanEast_000f", "migrationStage":"NotStarted", "server":"GENERAL01000009"}}
{"logTime": "0615/124546", "correlationVector":"qw/LCccpRcOUqrx3pvT9FL.2","action":"Commit Response", "result":"SYNCER_OK", "context":Result: SYNCER_OK. cV=qw/LCccpRcOUqrx3pvT9FL.0;server=GENERAL01000009;cloudType=Consumer;environment=Prod_JapanEast_000f;migrationStage=NotStarted}
{"logTime": "0615/124658", "correlationVector":"+WbOHzoehbEWC5Dzc/1qcl","action":"Commit Request", "result":"", "context":Item count: 3
Contributing types: Sessions}
{"logTime": "0615/124659", "correlationVector":"+WbOHzoehbEWC5Dzc/1qcl.1","action":"SyncServerConnectionManagerRequest", "result":"SYNC_SERVER_OK", "context":{"environment":"Prod_JapanEast_000f", "migrationStage":"NotStarted", "server":"GENERAL0100000B"}}
{"logTime": "0615/124659", "correlationVector":"+WbOHzoehbEWC5Dzc/1qcl.2","action":"Commit Response", "result":"SYNCER_OK", "context":Result: SYNCER_OK. cV=+WbOHzoehbEWC5Dzc/1qcl.0;server=GENERAL0100000B;cloudType=Consumer;environment=Prod_JapanEast_000f;migrationStage=NotStarted}
{"logTime": "0615/124736", "correlationVector":"2UnyCLzaSoE72L9qCi6fL2","action":"Commit Request", "result":"", "context":Item count: 2
Contributing types: Sessions}
{"logTime": "0615/124737", "correlationVector":"2UnyCLzaSoE72L9qCi6fL2.1","action":"SyncServerConnectionManagerRequest", "result":"SYNC_SERVER_OK", "context":{"environment":"Prod_JapanEast_000f", "migrationStage":"NotStarted", "server":"GENERAL0100000J"}}
{"logTime": "0615/124737", "correlationVector":"2UnyCLzaSoE72L9qCi6fL2.2","action":"Commit Response", "result":"SYNCER_OK", "context":Result: SYNCER_OK. cV=2UnyCLzaSoE72L9qCi6fL2.0;server=GENERAL0100000J;cloudType=Consumer;environment=Prod_JapanEast_000f;migrationStage=NotStarted}
{"logTime": "0615/124755", "correlationVector":"2LXtfCd+VvldAb/ak/eoyW","action":"Commit Request", "result":"", "context":Item count: 3
Contributing types: Passwords, Typed URLs, Sessions}
{"logTime": "0615/124756", "correlationVector":"2LXtfCd+VvldAb/ak/eoyW.1","action":"SyncServerConnectionManagerRequest", "result":"SYNC_SERVER_OK", "context":{"environment":"Prod_JapanEast_000f", "migrationStage":"NotStarted", "server":"GENERAL01000003"}}
{"logTime": "0615/124756", "correlationVector":"2LXtfCd+VvldAb/ak/eoyW.2","action":"Commit Response", "result":"SYNCER_OK", "context":Result: SYNCER_OK. cV=2LXtfCd+VvldAb/ak/eoyW.0;server=GENERAL01000003;cloudType=Consumer;environment=Prod_JapanEast_000f;migrationStage=NotStarted}
{"logTime": "0615/124829", "correlationVector":"4Dsbr8DyG/TwOeaGiqW5Dj","action":"Commit Request", "result":"", "context":Item count: 1
Contributing types: Sessions}
{"logTime": "0615/124830", "correlationVector":"4Dsbr8DyG/TwOeaGiqW5Dj.1","action":"SyncServerConnectionManagerRequest", "result":"SYNC_SERVER_OK", "context":{"environment":"Prod_JapanEast_000f", "migrationStage":"NotStarted", "server":"GENERAL01000002"}}
{"logTime": "0615/124830", "correlationVector":"4Dsbr8DyG/TwOeaGiqW5Dj.2","action":"Commit Response", "result":"SYNCER_OK", "context":Result: SYNCER_OK. cV=4Dsbr8DyG/TwOeaGiqW5Dj.0;server=GENERAL01000002;cloudType=Consumer;environment=Prod_JapanEast_000f;migrationStage=NotStarted}
{"logTime": "0615/124917", "correlationVector":"7enwuyXckLLX4oMeEEd5jh","action":"Commit Request", "result":"", "context":Item count: 1
Contributing types: Typed URLs}
{"logTime": "0615/124918", "correlationVector":"7enwuyXckLLX4oMeEEd5jh.1","action":"SyncServerConnectionManagerRequest", "result":"SYNC_SERVER_OK", "context":{"environment":"Prod_JapanEast_000f", "migrationStage":"NotStarted", "server":"GENERAL0100000P"}}
{"logTime": "0615/124918", "correlationVector":"7enwuyXckLLX4oMeEEd5jh.2","action":"Commit Response", "result":"SYNCER_OK", "context":Result: SYNCER_OK. cV=7enwuyXckLLX4oMeEEd5jh.0;server=GENERAL0100000P;cloudType=Consumer;environment=Prod_JapanEast_000f;migrationStage=NotStarted}
{"logTime": "0615/130153", "correlationVector":"VDaR5kgPYI1/n+Xg56O3h0","action":"Commit Request", "result":"", "context":Item count: 3
Contributing types: Sessions}
{"logTime": "0615/130155", "correlationVector":"VDaR5kgPYI1/n+Xg56O3h0.1","action":"SyncServerConnectionManagerRequest", "result":"SYNC_SERVER_OK", "context":{"environment":"Prod_JapanEast_000f", "migrationStage":"NotStarted", "server":"GENERAL0100000D"}}
{"logTime": "0615/130155", "correlationVector":"VDaR5kgPYI1/n+Xg56O3h0.2","action":"Commit Response", "result":"SYNCER_OK", "context":Result: SYNCER_OK. cV=VDaR5kgPYI1/n+Xg56O3h0.0;server=GENERAL0100000D;cloudType=Consumer;environment=Prod_JapanEast_000f;migrationStage=NotStarted}
{"logTime": "0615/130320", "correlationVector":"eQj/zbFtaUX5c4S5E4+kc7","action":"Commit Request", "result":"", "context":Item count: 1
Contributing types: Sessions}
{"logTime": "0615/130321", "correlationVector":"eQj/zbFtaUX5c4S5E4+kc7.1","action":"SyncServerConnectionManagerRequest", "result":"SYNC_SERVER_OK", "context":{"environment":"Prod_JapanEast_000f", "migrationStage":"NotStarted", "server":"GENERAL0100000F"}}
{"logTime": "0615/130321", "correlationVector":"eQj/zbFtaUX5c4S5E4+kc7.2","action":"Commit Response", "result":"SYNCER_OK", "context":Result: SYNCER_OK. cV=eQj/zbFtaUX5c4S5E4+kc7.0;server=GENERAL0100000F;cloudType=Consumer;environment=Prod_JapanEast_000f;migrationStage=NotStarted}
{"logTime": "0615/130500", "correlationVector":"/vhgrRab729P+ppfJo7HkU","action":"Commit Request", "result":"", "context":Item count: 4
Contributing types: Sessions}
{"logTime": "0615/130501", "correlationVector":"/vhgrRab729P+ppfJo7HkU.1","action":"SyncServerConnectionManagerRequest", "result":"SYNC_SERVER_OK", "context":{"environment":"Prod_JapanEast_000f", "migrationStage":"NotStarted", "server":"general0100001R"}}
{"logTime": "0615/130501", "correlationVector":"/vhgrRab729P+ppfJo7HkU.2","action":"Commit Response", "result":"SYNCER_OK", "context":Result: SYNCER_OK. cV=/vhgrRab729P+ppfJo7HkU.0;server=general0100001R;cloudType=Consumer;environment=Prod_JapanEast_000f;migrationStage=NotStarted}
{"logTime": "0615/130632", "correlationVector":"QlZLTT7XI7yUUXrLzVVRrK","action":"Commit Request", "result":"", "context":Item count: 2
Contributing types: Sessions}
{"logTime": "0615/130633", "correlationVector":"QlZLTT7XI7yUUXrLzVVRrK.1","action":"SyncServerConnectionManagerRequest", "result":"SYNC_SERVER_OK", "context":{"environment":"Prod_JapanEast_000f", "migrationStage":"NotStarted", "server":"GENERAL0100000V"}}
{"logTime": "0615/130633", "correlationVector":"QlZLTT7XI7yUUXrLzVVRrK.3","action":"Commit.Sessions", "result":"Success", "context":{"id":"8b1088c1-a56a-4f57-a049-5d4bf09d0c41", "isDeleted":"true", "size":"0", "version":"1686834301013"}}
{"logTime": "0615/130633", "correlationVector":"QlZLTT7XI7yUUXrLzVVRrK.2","action":"Commit Response", "result":"SYNCER_OK", "context":Result: SYNCER_OK. cV=QlZLTT7XI7yUUXrLzVVRrK.0;server=GENERAL0100000V;cloudType=Consumer;environment=Prod_JapanEast_000f;migrationStage=NotStarted}
{"logTime": "0615/131239", "correlationVector":"zD5izSwA2lFRPQXHlet/HW","action":"Commit Request", "result":"", "context":Item count: 5
Contributing types: Sessions}
{"logTime": "0615/131241", "correlationVector":"zD5izSwA2lFRPQXHlet/HW.1","action":"SyncServerConnectionManagerRequest", "result":"SYNC_SERVER_OK", "context":{"environment":"Prod_JapanEast_000f", "migrationStage":"NotStarted", "server":"GENERAL0100000F"}}
{"logTime": "0615/131241", "correlationVector":"zD5izSwA2lFRPQXHlet/HW.2","action":"Commit Response", "result":"SYNCER_OK", "context":Result: SYNCER_OK. cV=zD5izSwA2lFRPQXHlet/HW.0;server=GENERAL0100000F;cloudType=Consumer;environment=Prod_JapanEast_000f;migrationStage=NotStarted}
{"logTime": "0615/131311", "correlationVector":"U3+VcthYR+rIj+O5QKn6d0","action":"Commit Request", "result":"", "context":Item count: 3
Contributing types: Sessions}
{"logTime": "0615/131311", "correlationVector":"U3+VcthYR+rIj+O5QKn6d0.1","action":"SyncServerConnectionManagerRequest", "result":"SYNC_SERVER_OK", "context":{"environment":"Prod_JapanEast_000f", "migrationStage":"NotStarted", "server":"general0100001S"}}
{"logTime": "0615/131311", "correlationVector":"U3+VcthYR+rIj+O5QKn6d0.2","action":"Commit Response", "result":"SYNCER_OK", "context":Result: SYNCER_OK. cV=U3+VcthYR+rIj+O5QKn6d0.0;server=general0100001S;cloudType=Consumer;environment=Prod_JapanEast_000f;migrationStage=NotStarted}
{"logTime": "0615/131431", "correlationVector":"HzaHJWr0Q9q+FwokB5hMqA","action":"Commit Request", "result":"", "context":Item count: 4
Contributing types: Sessions}
{"logTime": "0615/131431", "correlationVector":"HzaHJWr0Q9q+FwokB5hMqA.1","action":"SyncServerConnectionManagerRequest", "result":"SYNC_SERVER_OK", "context":{"environment":"Prod_JapanEast_000f", "migrationStage":"NotStarted", "server":"GENERAL01000006"}}
{"logTime": "0615/131431", "correlationVector":"HzaHJWr0Q9q+FwokB5hMqA.2","action":"Commit Response", "result":"SYNCER_OK", "context":Result: SYNCER_OK. cV=HzaHJWr0Q9q+FwokB5hMqA.0;server=GENERAL01000006;cloudType=Consumer;environment=Prod_JapanEast_000f;migrationStage=NotStarted}
{"logTime": "0615/131712", "correlationVector":"ixSd8Ih1ZbOiui4XjS1qNQ","action":"Commit Request", "result":"", "context":Item count: 3
Contributing types: Sessions}
{"logTime": "0615/131713", "correlationVector":"ixSd8Ih1ZbOiui4XjS1qNQ.1","action":"SyncServerConnectionManagerRequest", "result":"SYNC_SERVER_OK", "context":{"environment":"Prod_JapanEast_000f", "migrationStage":"NotStarted", "server":"GENERAL01000006"}}
{"logTime": "0615/131713", "correlationVector":"ixSd8Ih1ZbOiui4XjS1qNQ.2","action":"Commit Response", "result":"SYNCER_OK", "context":Result: SYNCER_OK. cV=ixSd8Ih1ZbOiui4XjS1qNQ.0;server=GENERAL01000006;cloudType=Consumer;environment=Prod_JapanEast_000f;migrationStage=NotStarted}
{"logTime": "0615/131755", "correlationVector":"CCntRUrG1loAoduMiHL/UZ","action":"Commit Request", "result":"", "context":Item count: 4
Contributing types: Sessions}
{"logTime": "0615/131756", "correlationVector":"CCntRUrG1loAoduMiHL/UZ.1","action":"SyncServerConnectionManagerRequest", "result":"SYNC_SERVER_OK", "context":{"environment":"Prod_JapanEast_000f", "migrationStage":"NotStarted", "server":"GENERAL0100000F"}}
{"logTime": "0615/131756", "correlationVector":"CCntRUrG1loAoduMiHL/UZ.3","action":"Commit.Sessions", "result":"Success", "context":{"id":"ef8620ab-69bf-4099-afe2-7921239f8eda", "isDeleted":"true", "size":"0", "version":"1686835033284"}}
{"logTime": "0615/131756", "correlationVector":"CCntRUrG1loAoduMiHL/UZ.2","action":"Commit Response", "result":"SYNCER_OK", "context":Result: SYNCER_OK. cV=CCntRUrG1loAoduMiHL/UZ.0;server=GENERAL0100000F;cloudType=Consumer;environment=Prod_JapanEast_000f;migrationStage=NotStarted}
{"logTime": "0615/131841", "correlationVector":"YKXZb9wvxXgokcXyWejJ1e","action":"Commit Request", "result":"", "context":Item count: 2
Contributing types: Sessions}
{"logTime": "0615/131842", "correlationVector":"YKXZb9wvxXgokcXyWejJ1e.1","action":"SyncServerConnectionManagerRequest", "result":"SYNC_SERVER_OK", "context":{"environment":"Prod_EastAsia_000d", "migrationStage":"NotStarted", "server":"GENERAL01000024"}}
{"logTime": "0615/131842", "correlationVector":"YKXZb9wvxXgokcXyWejJ1e.2","action":"Commit Response", "result":"SYNCER_OK", "context":Result: SYNCER_OK. cV=YKXZb9wvxXgokcXyWejJ1e.0;server=GENERAL01000024;cloudType=Consumer;environment=Prod_EastAsia_000d;migrationStage=NotStarted}
{"logTime": "0615/132152", "correlationVector":"H3FL9L0fQq4N3udCxUnW7e","action":"Commit Request", "result":"", "context":Item count: 3
Contributing types: Sessions}
{"logTime": "0615/132154", "correlationVector":"H3FL9L0fQq4N3udCxUnW7e.1","action":"SyncServerConnectionManagerRequest", "result":"SYNC_SERVER_OK", "context":{"environment":"Prod_JapanEast_000f", "migrationStage":"NotStarted", "server":"general0100001Q"}}
{"logTime": "0615/132154", "correlationVector":"H3FL9L0fQq4N3udCxUnW7e.2","action":"Commit Response", "result":"SYNCER_OK", "context":Result: SYNCER_OK. cV=H3FL9L0fQq4N3udCxUnW7e.0;server=general0100001Q;cloudType=Consumer;environment=Prod_JapanEast_000f;migrationStage=NotStarted}
{"logTime": "0615/132430", "correlationVector":"9shd2F8q7g1sGgTYxwbQHq","action":"Commit Request", "result":"", "context":Item count: 2
Contributing types: Sessions}
{"logTime": "0615/132431", "correlationVector":"9shd2F8q7g1sGgTYxwbQHq.1","action":"SyncServerConnectionManagerRequest", "result":"SYNC_SERVER_OK", "context":{"environment":"Prod_JapanEast_000f", "migrationStage":"NotStarted", "server":"GENERAL0100000K"}}
{"logTime": "0615/132431", "correlationVector":"9shd2F8q7g1sGgTYxwbQHq.2","action":"Commit Response", "result":"SYNCER_OK", "context":Result: SYNCER_OK. cV=9shd2F8q7g1sGgTYxwbQHq.0;server=GENERAL0100000K;cloudType=Consumer;environment=Prod_JapanEast_000f;migrationStage=NotStarted}
{"logTime": "0615/132527", "correlationVector":"mSi2VJw2xJFbVnaOna0r2y","action":"Commit Request", "result":"", "context":Item count: 1
Contributing types: Sessions}
{"logTime": "0615/132528", "correlationVector":"mSi2VJw2xJFbVnaOna0r2y.1","action":"SyncServerConnectionManagerRequest", "result":"SYNC_SERVER_OK", "context":{"environment":"Prod_JapanEast_000f", "migrationStage":"NotStarted", "server":"GENERAL0100000Q"}}
{"logTime": "0615/132528", "correlationVector":"mSi2VJw2xJFbVnaOna0r2y.2","action":"Commit Response", "result":"SYNCER_OK", "context":Result: SYNCER_OK. cV=mSi2VJw2xJFbVnaOna0r2y.0;server=GENERAL0100000Q;cloudType=Consumer;environment=Prod_JapanEast_000f;migrationStage=NotStarted}
{"logTime": "0615/132741", "correlationVector":"Hq7xBKQZo95F8C8b7rdD1P","action":"Commit Request", "result":"", "context":Item count: 4
Contributing types: Sessions}
{"logTime": "0615/132744", "correlationVector":"Hq7xBKQZo95F8C8b7rdD1P.1","action":"SyncServerConnectionManagerRequest", "result":"SYNC_SERVER_OK", "context":{"environment":"Prod_JapanEast_000f", "migrationStage":"NotStarted", "server":"GENERAL0100000X"}}
{"logTime": "0615/132744", "correlationVector":"Hq7xBKQZo95F8C8b7rdD1P.3","action":"Commit.Sessions", "result":"Success", "context":{"id":"ff5d97d0-a965-4fe0-aa68-fb44d3d0cbf9", "isDeleted":"true", "size":"0", "version":"1686835528202"}}
{"logTime": "0615/132744", "correlationVector":"Hq7xBKQZo95F8C8b7rdD1P.2","action":"Commit Response", "result":"SYNCER_OK", "context":Result: SYNCER_OK. cV=Hq7xBKQZo95F8C8b7rdD1P.0;server=GENERAL0100000X;cloudType=Consumer;environment=Prod_JapanEast_000f;migrationStage=NotStarted}
{"logTime": "0615/132822", "correlationVector":"utOeqYMaJIc4O2YZMhGa3q","action":"Commit Request", "result":"", "context":Item count: 3
Contributing types: Sessions}
{"logTime": "0615/132823", "correlationVector":"utOeqYMaJIc4O2YZMhGa3q.1","action":"SyncServerConnectionManagerRequest", "result":"SYNC_SERVER_OK", "context":{"environment":"Prod_JapanEast_000f", "migrationStage":"NotStarted", "server":"GENERAL0100000X"}}
{"logTime": "0615/132823", "correlationVector":"utOeqYMaJIc4O2YZMhGa3q.2","action":"Commit Response", "result":"SYNCER_OK", "context":Result: SYNCER_OK. cV=utOeqYMaJIc4O2YZMhGa3q.0;server=GENERAL0100000X;cloudType=Consumer;environment=Prod_JapanEast_000f;migrationStage=NotStarted}
{"logTime": "0615/133104", "correlationVector":"Hp21IZaTTuQQAjhBkucuq0","action":"Commit Request", "result":"", "context":Item count: 4
Contributing types: Sessions}
{"logTime": "0615/133105", "correlationVector":"Hp21IZaTTuQQAjhBkucuq0.1","action":"SyncServerConnectionManagerRequest", "result":"SYNC_SERVER_OK", "context":{"environment":"Prod_JapanEast_000f", "migrationStage":"NotStarted", "server":"GENERAL0100000K"}}
{"logTime": "0615/133105", "correlationVector":"Hp21IZaTTuQQAjhBkucuq0.3","action":"Commit.Sessions", "result":"Success", "context":{"id":"845e254a-cf73-4510-b2ce-414866cfbb54", "isDeleted":"true", "size":"0", "version":"1686835703253"}}
{"logTime": "0615/133105", "correlationVector":"Hp21IZaTTuQQAjhBkucuq0.2","action":"Commit Response", "result":"SYNCER_OK", "context":Result: SYNCER_OK. cV=Hp21IZaTTuQQAjhBkucuq0.0;server=GENERAL0100000K;cloudType=Consumer;environment=Prod_JapanEast_000f;migrationStage=NotStarted}
{"logTime": "0615/133105", "correlationVector":"Hp21IZaTTuQQAjhBkucuq0.4","action":"Commit.Sessions", "result":"Success", "context":{"id":"74043e8b-d4af-4eef-9f8f-819401386ab8", "isDeleted":"true", "size":"0", "version":"1686835122214"}}
{"logTime": "0615/133105", "correlationVector":"Hp21IZaTTuQQAjhBkucuq0.5","action":"Commit.Sessions", "result":"Success", "context":{"id":"22bf2468-0daf-4c44-bf1c-1fba365f5eed", "isDeleted":"true", "size":"0", "version":"1686835703255"}}
{"logTime": "0615/133401", "correlationVector":"UUKtFckaFhYISG2X8kVMtZ","action":"Commit Request", "result":"", "context":Item count: 3
Contributing types: Sessions}
{"logTime": "0615/133403", "correlationVector":"UUKtFckaFhYISG2X8kVMtZ.1","action":"SyncServerConnectionManagerRequest", "result":"SYNC_SERVER_OK", "context":{"environment":"Prod_JapanEast_000f", "migrationStage":"NotStarted", "server":"GENERAL0100000Z"}}
{"logTime": "0615/133403", "correlationVector":"UUKtFckaFhYISG2X8kVMtZ.2","action":"Commit Response", "result":"SYNCER_OK", "context":Result: SYNCER_OK. cV=UUKtFckaFhYISG2X8kVMtZ.0;server=GENERAL0100000Z;cloudType=Consumer;environment=Prod_JapanEast_000f;migrationStage=NotStarted}
{"logTime": "0615/134420", "correlationVector":"iGsB9T1+ve3g5qOFo7I6os","action":"Commit Request", "result":"", "context":Item count: 3
Contributing types: Sessions}
{"logTime": "0615/134421", "correlationVector":"iGsB9T1+ve3g5qOFo7I6os.1","action":"SyncServerConnectionManagerRequest", "result":"SYNC_SERVER_OK", "context":{"environment":"Prod_JapanEast_000f", "migrationStage":"NotStarted", "server":"GENERAL0100000P"}}
{"logTime": "0615/134421", "correlationVector":"iGsB9T1+ve3g5qOFo7I6os.2","action":"Commit Response", "result":"SYNCER_OK", "context":Result: SYNCER_OK. cV=iGsB9T1+ve3g5qOFo7I6os.0;server=GENERAL0100000P;cloudType=Consumer;environment=Prod_JapanEast_000f;migrationStage=NotStarted}
{"logTime": "0615/134455", "correlationVector":"LAXIBBct52sjYz55WhMMt5","action":"Commit Request", "result":"", "context":Item count: 1
Contributing types: Sessions}
{"logTime": "0615/134455", "correlationVector":"LAXIBBct52sjYz55WhMMt5.1","action":"SyncServerConnectionManagerRequest", "result":"SYNC_SERVER_OK", "context":{"environment":"Prod_JapanEast_000f", "migrationStage":"NotStarted", "server":"GENERAL0100000P"}}
{"logTime": "0615/134455", "correlationVector":"LAXIBBct52sjYz55WhMMt5.2","action":"Commit Response", "result":"SYNCER_OK", "context":Result: SYNCER_OK. cV=LAXIBBct52sjYz55WhMMt5.0;server=GENERAL0100000P;cloudType=Consumer;environment=Prod_JapanEast_000f;migrationStage=NotStarted}
{"logTime": "0615/134739", "correlationVector":"S6gj8C9/joNltxXD1mwMu/","action":"Commit Request", "result":"", "context":Item count: 12
Contributing types: Sessions}
{"logTime": "0615/134741", "correlationVector":"S6gj8C9/joNltxXD1mwMu/.1","action":"SyncServerConnectionManagerRequest", "result":"SYNC_SERVER_OK", "context":{"environment":"Prod_JapanEast_000f", "migrationStage":"NotStarted", "server":"GENERAL01000004"}}
{"logTime": "0615/134741", "correlationVector":"S6gj8C9/joNltxXD1mwMu/.3","action":"Commit.Sessions", "result":"Success", "context":{"id":"34bb85d3-72cb-4854-a069-657ced5a5f3d", "isDeleted":"true", "size":"0", "version":"1686834760660"}}
{"logTime": "0615/134741", "correlationVector":"S6gj8C9/joNltxXD1mwMu/.4","action":"Commit.Sessions", "result":"Success", "context":{"id":"857718c5-8e3e-43d1-b601-bb87018084a8", "isDeleted":"true", "size":"0", "version":"1686836660915"}}
{"logTime": "0615/134741", "correlationVector":"S6gj8C9/joNltxXD1mwMu/.5","action":"Commit.Sessions", "result":"Success", "context":{"id":"54f94dbd-42cd-4e5e-a9c4-2d2801f44cc8", "isDeleted":"true", "size":"0", "version":"1686836042598"}}
{"logTime": "0615/134741", "correlationVector":"S6gj8C9/joNltxXD1mwMu/.2","action":"Commit Response", "result":"SYNCER_OK", "context":Result: SYNCER_OK. cV=S6gj8C9/joNltxXD1mwMu/.0;server=GENERAL01000004;cloudType=Consumer;environment=Prod_JapanEast_000f;migrationStage=NotStarted}
{"logTime": "0615/134741", "correlationVector":"S6gj8C9/joNltxXD1mwMu/.6","action":"Commit.Sessions", "result":"Success", "context":{"id":"81b7fdde-7e8a-40f2-a1b2-86104048e89a", "isDeleted":"true", "size":"0", "version":"1686836695428"}}
{"logTime": "0615/134741", "correlationVector":"S6gj8C9/joNltxXD1mwMu/.7","action":"Commit.Sessions", "result":"Success", "context":{"id":"7a6e287c-5483-4d3c-a8db-c556e2dde0eb", "isDeleted":"true", "size":"0", "version":"1686835075822"}}
{"logTime": "0615/134741", "correlationVector":"S6gj8C9/joNltxXD1mwMu/.8","action":"Commit.Sessions", "result":"Success", "context":{"id":"9149ab94-c134-40c6-9030-5ae586725693", "isDeleted":"true", "size":"0", "version":"1686834791564"}}
{"logTime": "0615/134741", "correlationVector":"S6gj8C9/joNltxXD1mwMu/.9","action":"Commit.Sessions", "result":"Success", "context":{"id":"a0e212f1-d0c8-4578-8674-4957dbc024b4", "isDeleted":"true", "size":"0", "version":"1686834760663"}}
{"logTime": "0615/134741", "correlationVector":"S6gj8C9/joNltxXD1mwMu/.10","action":"Commit.Sessions", "result":"Success", "context":{"id":"32e29965-f7fc-492d-a2ab-b010b656a09b", "isDeleted":"true", "size":"0", "version":"1686836042599"}}
{"logTime": "0615/134741", "correlationVector":"S6gj8C9/joNltxXD1mwMu/.11","action":"Commit.Sessions", "result":"Success", "context":{"id":"7bf6814c-dd65-4712-89c8-a411c9f2dc97", "isDeleted":"true", "size":"0", "version":"1686834871392"}}
{"logTime": "0615/134741", "correlationVector":"S6gj8C9/joNltxXD1mwMu/.12","action":"Commit.Sessions", "result":"Success", "context":{"id":"e5aae869-26cc-44ba-9ce2-54278981ded3", "isDeleted":"true", "size":"0", "version":"1686834393274"}}
{"logTime": "0615/135735", "correlationVector":"OmAwCaxrfabs1Q/18e0IsT","action":"Commit Request", "result":"", "context":Item count: 3
Contributing types: Sessions}
{"logTime": "0615/135736", "correlationVector":"OmAwCaxrfabs1Q/18e0IsT.1","action":"SyncServerConnectionManagerRequest", "result":"SYNC_SERVER_OK", "context":{"environment":"Prod_JapanEast_000f", "migrationStage":"NotStarted", "server":"GENERAL0100000Q"}}
{"logTime": "0615/135736", "correlationVector":"OmAwCaxrfabs1Q/18e0IsT.2","action":"Commit Response", "result":"SYNCER_OK", "context":Result: SYNCER_OK. cV=OmAwCaxrfabs1Q/18e0IsT.0;server=GENERAL0100000Q;cloudType=Consumer;environment=Prod_JapanEast_000f;migrationStage=NotStarted}
{"logTime": "0615/135812", "correlationVector":"Zk6rJKJZyZyn3QL+vqlovV","action":"Commit Request", "result":"", "context":Item count: 6
Contributing types: Sessions}
{"logTime": "0615/135813", "correlationVector":"Zk6rJKJZyZyn3QL+vqlovV.1","action":"SyncServerConnectionManagerRequest", "result":"SYNC_SERVER_OK", "context":{"environment":"Prod_JapanEast_000f", "migrationStage":"NotStarted", "server":"GENERAL0100000E"}}
{"logTime": "0615/135813", "correlationVector":"Zk6rJKJZyZyn3QL+vqlovV.3","action":"Commit.Sessions", "result":"Success", "context":{"id":"999019d3-dbae-4ee1-989e-1c0fa1126b94", "isDeleted":"true", "size":"0", "version":"1686834301012"}}
{"logTime": "0615/135813", "correlationVector":"Zk6rJKJZyZyn3QL+vqlovV.2","action":"Commit Response", "result":"SYNCER_OK", "context":Result: SYNCER_OK. cV=Zk6rJKJZyZyn3QL+vqlovV.0;server=GENERAL0100000E;cloudType=Consumer;environment=Prod_JapanEast_000f;migrationStage=NotStarted}
{"logTime": "0615/135813", "correlationVector":"Zk6rJKJZyZyn3QL+vqlovV.4","action":"Commit.Sessions", "result":"Success", "context":{"id":"2a698763-d213-4854-81db-6647b9a6c93b", "isDeleted":"true", "size":"0", "version":"1686837456250"}}
{"logTime": "0615/135813", "correlationVector":"Zk6rJKJZyZyn3QL+vqlovV.5","action":"Commit.Sessions", "result":"Success", "context":{"id":"daf4a92f-631d-43fe-b35b-d73d38e14f22", "isDeleted":"true", "size":"0", "version":"1686834201139"}}
{"logTime": "0615/135813", "correlationVector":"Zk6rJKJZyZyn3QL+vqlovV.6","action":"Commit.Sessions", "result":"Success", "context":{"id":"9af114d8-a0e3-43ba-b6fc-0dc52f1aa604", "isDeleted":"true", "size":"0", "version":"1686834114640"}}
{"logTime": "0615/135813", "correlationVector":"Zk6rJKJZyZyn3QL+vqlovV.7","action":"Commit.Sessions", "result":"Success", "context":{"id":"e2afc50a-06b7-49db-bb6c-a0ab3a86ab4e", "isDeleted":"true", "size":"0", "version":"1686837456252"}}
{"logTime": "0615/141026", "correlationVector":"X/TrIvKv6Vy7SI0dh3xIKP","action":"Commit Request", "result":"", "context":Item count: 2
Contributing types: Sessions}
{"logTime": "0615/141027", "correlationVector":"X/TrIvKv6Vy7SI0dh3xIKP.1","action":"SyncServerConnectionManagerRequest", "result":"SYNC_SERVER_OK", "context":{"environment":"Prod_JapanEast_000f", "migrationStage":"NotStarted", "server":"general0100001Q"}}
{"logTime": "0615/141027", "correlationVector":"X/TrIvKv6Vy7SI0dh3xIKP.2","action":"Commit Response", "result":"SYNCER_OK", "context":Result: SYNCER_OK. cV=X/TrIvKv6Vy7SI0dh3xIKP.0;server=general0100001Q;cloudType=Consumer;environment=Prod_JapanEast_000f;migrationStage=NotStarted}
{"logTime": "0615/141431", "correlationVector":"n/Sb/3WB/up7EmFWErWHWH","action":"Commit Request", "result":"", "context":Item count: 2
Contributing types: Sessions}
{"logTime": "0615/141433", "correlationVector":"n/Sb/3WB/up7EmFWErWHWH.1","action":"SyncServerConnectionManagerRequest", "result":"SYNC_SERVER_OK", "context":{"environment":"Prod_JapanEast_000f", "migrationStage":"NotStarted", "server":"GENERAL01000000"}}
{"logTime": "0615/141433", "correlationVector":"n/Sb/3WB/up7EmFWErWHWH.2","action":"Commit Response", "result":"SYNCER_OK", "context":Result: SYNCER_OK. cV=n/Sb/3WB/up7EmFWErWHWH.0;server=GENERAL01000000;cloudType=Consumer;environment=Prod_JapanEast_000f;migrationStage=NotStarted}
{"logTime": "0615/142335", "correlationVector":"tCw6kWTcwcYLMMCKISjK2c","action":"Commit Request", "result":"", "context":Item count: 4
Contributing types: Sessions}
{"logTime": "0615/142337", "correlationVector":"tCw6kWTcwcYLMMCKISjK2c.1","action":"SyncServerConnectionManagerRequest", "result":"SYNC_SERVER_OK", "context":{"environment":"Prod_JapanEast_000f", "migrationStage":"NotStarted", "server":"GENERAL0100000F"}}
{"logTime": "0615/142337", "correlationVector":"tCw6kWTcwcYLMMCKISjK2c.2","action":"Commit Response", "result":"SYNCER_OK", "context":Result: SYNCER_OK. cV=tCw6kWTcwcYLMMCKISjK2c.0;server=GENERAL0100000F;cloudType=Consumer;environment=Prod_JapanEast_000f;migrationStage=NotStarted}
{"logTime": "0615/142414", "correlationVector":"rh+aN4kLn1S0qoPBnrYYZY","action":"Commit Request", "result":"", "context":Item count: 1
Contributing types: Sessions}
{"logTime": "0615/142415", "correlationVector":"rh+aN4kLn1S0qoPBnrYYZY.1","action":"SyncServerConnectionManagerRequest", "result":"SYNC_SERVER_OK", "context":{"environment":"Prod_JapanEast_000f", "migrationStage":"NotStarted", "server":"GENERAL01000003"}}
{"logTime": "0615/142415", "correlationVector":"rh+aN4kLn1S0qoPBnrYYZY.2","action":"Commit Response", "result":"SYNCER_OK", "context":Result: SYNCER_OK. cV=rh+aN4kLn1S0qoPBnrYYZY.0;server=GENERAL01000003;cloudType=Consumer;environment=Prod_JapanEast_000f;migrationStage=NotStarted}
{"logTime": "0615/142459", "correlationVector":"fdaQRSLQsvcZ7eoGyXgrsn","action":"Commit Request", "result":"", "context":Item count: 3
Contributing types: Sessions}
{"logTime": "0615/142500", "correlationVector":"fdaQRSLQsvcZ7eoGyXgrsn.1","action":"SyncServerConnectionManagerRequest", "result":"SYNC_SERVER_OK", "context":{"environment":"Prod_JapanEast_000f", "migrationStage":"NotStarted", "server":"GENERAL0100000E"}}
{"logTime": "0615/142500", "correlationVector":"fdaQRSLQsvcZ7eoGyXgrsn.2","action":"Commit Response", "result":"SYNCER_OK", "context":Result: SYNCER_OK. cV=fdaQRSLQsvcZ7eoGyXgrsn.0;server=GENERAL0100000E;cloudType=Consumer;environment=Prod_JapanEast_000f;migrationStage=NotStarted}
{"logTime": "0615/142539", "correlationVector":"Fq4iIA30Iehx63hvNzaZ0z","action":"Commit Request", "result":"", "context":Item count: 5
Contributing types: Sessions}
{"logTime": "0615/142539", "correlationVector":"Fq4iIA30Iehx63hvNzaZ0z.1","action":"SyncServerConnectionManagerRequest", "result":"SYNC_SERVER_OK", "context":{"environment":"Prod_JapanEast_000f", "migrationStage":"NotStarted", "server":"GENERAL0100000L"}}
{"logTime": "0615/142539", "correlationVector":"Fq4iIA30Iehx63hvNzaZ0z.3","action":"Commit.Sessions", "result":"Success", "context":{"id":"9e32957f-c9ad-468c-8b20-53d6f6d7dea8", "isDeleted":"true", "size":"0", "version":"1686839054675"}}
{"logTime": "0615/142539", "correlationVector":"Fq4iIA30Iehx63hvNzaZ0z.4","action":"Commit.Sessions", "result":"Success", "context":{"id":"0d8a9685-7703-4117-975e-8d67b730cd38", "isDeleted":"true", "size":"0", "version":"1686839099535"}}
{"logTime": "0615/142539", "correlationVector":"Fq4iIA30Iehx63hvNzaZ0z.5","action":"Commit.Sessions", "result":"Success", "context":{"id":"ec4a6227-81b0-4409-aedd-472c932e5c0b", "isDeleted":"true", "size":"0", "version":"1686839016604"}}
{"logTime": "0615/142539", "correlationVector":"Fq4iIA30Iehx63hvNzaZ0z.2","action":"Commit Response", "result":"SYNCER_OK", "context":Result: SYNCER_OK. cV=Fq4iIA30Iehx63hvNzaZ0z.0;server=GENERAL0100000L;cloudType=Consumer;environment=Prod_JapanEast_000f;migrationStage=NotStarted}
{"logTime": "0615/142930", "correlationVector":"guP5rRzXrDA7jzvWA9IidZ","action":"Commit Request", "result":"", "context":Item count: 3
Contributing types: Sessions}
{"logTime": "0615/142931", "correlationVector":"guP5rRzXrDA7jzvWA9IidZ.1","action":"SyncServerConnectionManagerRequest", "result":"SYNC_SERVER_OK", "context":{"environment":"Prod_JapanEast_000f", "migrationStage":"NotStarted", "server":"GENERAL0100000D"}}
{"logTime": "0615/142931", "correlationVector":"guP5rRzXrDA7jzvWA9IidZ.3","action":"Commit.Sessions", "result":"Success", "context":{"id":"49dd78eb-c163-4cc3-8fad-c2461dd879fa", "isDeleted":"true", "size":"0", "version":"1686839139470"}}
{"logTime": "0615/142931", "correlationVector":"guP5rRzXrDA7jzvWA9IidZ.2","action":"Commit Response", "result":"SYNCER_OK", "context":Result: SYNCER_OK. cV=guP5rRzXrDA7jzvWA9IidZ.0;server=GENERAL0100000D;cloudType=Consumer;environment=Prod_JapanEast_000f;migrationStage=NotStarted}
{"logTime": "0615/143102", "correlationVector":"hMzxfA3WaBvUo9d+IVPwxu","action":"Commit Request", "result":"", "context":Item count: 1
Contributing types: Sessions}
{"logTime": "0615/143103", "correlationVector":"hMzxfA3WaBvUo9d+IVPwxu.1","action":"SyncServerConnectionManagerRequest", "result":"SYNC_SERVER_OK", "context":{"environment":"Prod_JapanEast_000f", "migrationStage":"NotStarted", "server":"GENERAL0100000R"}}
{"logTime": "0615/143103", "correlationVector":"hMzxfA3WaBvUo9d+IVPwxu.2","action":"Commit Response", "result":"SYNCER_OK", "context":Result: SYNCER_OK. cV=hMzxfA3WaBvUo9d+IVPwxu.0;server=GENERAL0100000R;cloudType=Consumer;environment=Prod_JapanEast_000f;migrationStage=NotStarted}
{"logTime": "0615/143248", "correlationVector":"ulOgTR3pKyQVeS/LQOcL/d","action":"Commit Request", "result":"", "context":Item count: 2
Contributing types: Sessions}
{"logTime": "0615/143249", "correlationVector":"ulOgTR3pKyQVeS/LQOcL/d.1","action":"SyncServerConnectionManagerRequest", "result":"SYNC_SERVER_OK", "context":{"environment":"Prod_JapanEast_000f", "migrationStage":"NotStarted", "server":"GENERAL0100000Y"}}
{"logTime": "0615/143249", "correlationVector":"ulOgTR3pKyQVeS/LQOcL/d.2","action":"Commit Response", "result":"SYNCER_OK", "context":Result: SYNCER_OK. cV=ulOgTR3pKyQVeS/LQOcL/d.0;server=GENERAL0100000Y;cloudType=Consumer;environment=Prod_JapanEast_000f;migrationStage=NotStarted}
{"logTime": "0615/143348", "correlationVector":"GA+0Q2yvWrhdNqV5dsQ+Gj","action":"Commit Request", "result":"", "context":Item count: 6
Contributing types: Typed URLs, Sessions}
{"logTime": "0615/143349", "correlationVector":"GA+0Q2yvWrhdNqV5dsQ+Gj.1","action":"SyncServerConnectionManagerRequest", "result":"SYNC_SERVER_OK", "context":{"environment":"Prod_JapanEast_000f", "migrationStage":"NotStarted", "server":"GENERAL01000004"}}
{"logTime": "0615/143349", "correlationVector":"GA+0Q2yvWrhdNqV5dsQ+Gj.2","action":"Commit Response", "result":"SYNCER_OK", "context":Result: SYNCER_OK. cV=GA+0Q2yvWrhdNqV5dsQ+Gj.0;server=GENERAL01000004;cloudType=Consumer;environment=Prod_JapanEast_000f;migrationStage=NotStarted}
{"logTime": "0615/143719", "correlationVector":"qyryK2mgaO0LpVmq8Hljrh","action":"Commit Request", "result":"", "context":Item count: 1
Contributing types: Sessions}
{"logTime": "0615/143720", "correlationVector":"qyryK2mgaO0LpVmq8Hljrh.1","action":"SyncServerConnectionManagerRequest", "result":"SYNC_SERVER_OK", "context":{"environment":"Prod_JapanEast_000f", "migrationStage":"NotStarted", "server":"GENERAL0100000U"}}
{"logTime": "0615/143720", "correlationVector":"qyryK2mgaO0LpVmq8Hljrh.2","action":"Commit Response", "result":"SYNCER_OK", "context":Result: SYNCER_OK. cV=qyryK2mgaO0LpVmq8Hljrh.0;server=GENERAL0100000U;cloudType=Consumer;environment=Prod_JapanEast_000f;migrationStage=NotStarted}
{"logTime": "0615/143920", "correlationVector":"znM+GBHCNB1boIHC0uRk1a","action":"Commit Request", "result":"", "context":Item count: 1
Contributing types: Sessions}
{"logTime": "0615/143921", "correlationVector":"znM+GBHCNB1boIHC0uRk1a.1","action":"SyncServerConnectionManagerRequest", "result":"SYNC_SERVER_OK", "context":{"environment":"Prod_JapanEast_000f", "migrationStage":"NotStarted", "server":"GENERAL0100000G"}}
{"logTime": "0615/143921", "correlationVector":"znM+GBHCNB1boIHC0uRk1a.2","action":"Commit Response", "result":"SYNCER_OK", "context":Result: SYNCER_OK. cV=znM+GBHCNB1boIHC0uRk1a.0;server=GENERAL0100000G;cloudType=Consumer;environment=Prod_JapanEast_000f;migrationStage=NotStarted}
{"logTime": "0615/144057", "correlationVector":"3jqoV0e30/OJJqk403/aTo","action":"Commit Request", "result":"", "context":Item count: 1
Contributing types: Sessions}
{"logTime": "0615/144057", "correlationVector":"3jqoV0e30/OJJqk403/aTo.1","action":"SyncServerConnectionManagerRequest", "result":"SYNC_SERVER_OK", "context":{"environment":"Prod_JapanEast_000f", "migrationStage":"NotStarted", "server":"GENERAL0100000P"}}
{"logTime": "0615/144057", "correlationVector":"3jqoV0e30/OJJqk403/aTo.2","action":"Commit Response", "result":"SYNCER_OK", "context":Result: SYNCER_OK. cV=3jqoV0e30/OJJqk403/aTo.0;server=GENERAL0100000P;cloudType=Consumer;environment=Prod_JapanEast_000f;migrationStage=NotStarted}
{"logTime": "0615/144248", "correlationVector":"V4G7LUWQUBJgPRo9rQxzU2","action":"Commit Request", "result":"", "context":Item count: 1
Contributing types: Sessions}
{"logTime": "0615/144248", "correlationVector":"V4G7LUWQUBJgPRo9rQxzU2.1","action":"SyncServerConnectionManagerRequest", "result":"SYNC_SERVER_OK", "context":{"environment":"Prod_JapanEast_000f", "migrationStage":"NotStarted", "server":"GENERAL01000011"}}
{"logTime": "0615/144248", "correlationVector":"V4G7LUWQUBJgPRo9rQxzU2.2","action":"Commit Response", "result":"SYNCER_OK", "context":Result: SYNCER_OK. cV=V4G7LUWQUBJgPRo9rQxzU2.0;server=GENERAL01000011;cloudType=Consumer;environment=Prod_JapanEast_000f;migrationStage=NotStarted}
{"logTime": "0615/144454", "correlationVector":"0VQlS0a6xjpUGQ8S3Ae8+I","action":"Commit Request", "result":"", "context":Item count: 1
Contributing types: Sessions}
{"logTime": "0615/144455", "correlationVector":"0VQlS0a6xjpUGQ8S3Ae8+I.1","action":"SyncServerConnectionManagerRequest", "result":"SYNC_SERVER_OK", "context":{"environment":"Prod_JapanEast_000f", "migrationStage":"NotStarted", "server":"GENERAL0100000Z"}}
{"logTime": "0615/144455", "correlationVector":"0VQlS0a6xjpUGQ8S3Ae8+I.2","action":"Commit Response", "result":"SYNCER_OK", "context":Result: SYNCER_OK. cV=0VQlS0a6xjpUGQ8S3Ae8+I.0;server=GENERAL0100000Z;cloudType=Consumer;environment=Prod_JapanEast_000f;migrationStage=NotStarted}
{"logTime": "0615/144712", "correlationVector":"unQXkC7up1CZi8tz6T+XIO","action":"Commit Request", "result":"", "context":Item count: 1
Contributing types: Sessions}
{"logTime": "0615/144713", "correlationVector":"unQXkC7up1CZi8tz6T+XIO.1","action":"SyncServerConnectionManagerRequest", "result":"SYNC_SERVER_OK", "context":{"environment":"Prod_JapanEast_000f", "migrationStage":"NotStarted", "server":"general0100001P"}}
{"logTime": "0615/144713", "correlationVector":"unQXkC7up1CZi8tz6T+XIO.2","action":"Commit Response", "result":"SYNCER_OK", "context":Result: SYNCER_OK. cV=unQXkC7up1CZi8tz6T+XIO.0;server=general0100001P;cloudType=Consumer;environment=Prod_JapanEast_000f;migrationStage=NotStarted}
{"logTime": "0615/144954", "correlationVector":"43SzMBjBNqemsvvUj/MjPr","action":"Commit Request", "result":"", "context":Item count: 1
Contributing types: Sessions}
{"logTime": "0615/144955", "correlationVector":"43SzMBjBNqemsvvUj/MjPr.1","action":"SyncServerConnectionManagerRequest", "result":"SYNC_SERVER_OK", "context":{"environment":"Prod_JapanEast_000f", "migrationStage":"NotStarted", "server":"GENERAL0100000A"}}
{"logTime": "0615/144955", "correlationVector":"43SzMBjBNqemsvvUj/MjPr.2","action":"Commit Response", "result":"SYNCER_OK", "context":Result: SYNCER_OK. cV=43SzMBjBNqemsvvUj/MjPr.0;server=GENERAL0100000A;cloudType=Consumer;environment=Prod_JapanEast_000f;migrationStage=NotStarted}
{"logTime": "0615/145252", "correlationVector":"UaYIl4YRUyJ5ErhVmiRG5l","action":"Commit Request", "result":"", "context":Item count: 1
Contributing types: Sessions}
{"logTime": "0615/145253", "correlationVector":"UaYIl4YRUyJ5ErhVmiRG5l.1","action":"SyncServerConnectionManagerRequest", "result":"SYNC_SERVER_OK", "context":{"environment":"Prod_JapanEast_000f", "migrationStage":"NotStarted", "server":"GENERAL0100000Y"}}
{"logTime": "0615/145253", "correlationVector":"UaYIl4YRUyJ5ErhVmiRG5l.2","action":"Commit Response", "result":"SYNCER_OK", "context":Result: SYNCER_OK. cV=UaYIl4YRUyJ5ErhVmiRG5l.0;server=GENERAL0100000Y;cloudType=Consumer;environment=Prod_JapanEast_000f;migrationStage=NotStarted}
{"logTime": "0615/145617", "correlationVector":"yTO9SsHB0mZymDHb/mPiE/","action":"Commit Request", "result":"", "context":Item count: 1
Contributing types: Sessions}
{"logTime": "0615/145618", "correlationVector":"yTO9SsHB0mZymDHb/mPiE/.1","action":"SyncServerConnectionManagerRequest", "result":"SYNC_SERVER_OK", "context":{"environment":"Prod_JapanEast_000f", "migrationStage":"NotStarted", "server":"general0100001R"}}
{"logTime": "0615/145618", "correlationVector":"yTO9SsHB0mZymDHb/mPiE/.2","action":"Commit Response", "result":"SYNCER_OK", "context":Result: SYNCER_OK. cV=yTO9SsHB0mZymDHb/mPiE/.0;server=general0100001R;cloudType=Consumer;environment=Prod_JapanEast_000f;migrationStage=NotStarted}
{"logTime": "0615/145714", "correlationVector":"pFCU7m8OXIBrljCDc8AiPp","action":"Commit Request", "result":"", "context":Item count: 3
Contributing types: Sessions}
{"logTime": "0615/145715", "correlationVector":"pFCU7m8OXIBrljCDc8AiPp.1","action":"SyncServerConnectionManagerRequest", "result":"SYNC_SERVER_OK", "context":{"environment":"Prod_JapanEast_000f", "migrationStage":"NotStarted", "server":"GENERAL01000002"}}
{"logTime": "0615/145715", "correlationVector":"pFCU7m8OXIBrljCDc8AiPp.2","action":"Commit Response", "result":"SYNCER_OK", "context":Result: SYNCER_OK. cV=pFCU7m8OXIBrljCDc8AiPp.0;server=GENERAL01000002;cloudType=Consumer;environment=Prod_JapanEast_000f;migrationStage=NotStarted}
{"logTime": "0615/145759", "correlationVector":"tHFNpI0KcsSlwOakRY/6LP","action":"Commit Request", "result":"", "context":Item count: 3
Contributing types: Sessions}
{"logTime": "0615/145800", "correlationVector":"tHFNpI0KcsSlwOakRY/6LP.1","action":"SyncServerConnectionManagerRequest", "result":"SYNC_SERVER_OK", "context":{"environment":"Prod_JapanEast_000f", "migrationStage":"NotStarted", "server":"GENERAL0100000H"}}
{"logTime": "0615/145800", "correlationVector":"tHFNpI0KcsSlwOakRY/6LP.2","action":"Commit Response", "result":"SYNCER_OK", "context":Result: SYNCER_OK. cV=tHFNpI0KcsSlwOakRY/6LP.0;server=GENERAL0100000H;cloudType=Consumer;environment=Prod_JapanEast_000f;migrationStage=NotStarted}
{"logTime": "0615/145830", "correlationVector":"IUj1CfAE6sKyIDTJJEU0eX","action":"Commit Request", "result":"", "context":Item count: 5
Contributing types: Sessions}
{"logTime": "0615/145830", "correlationVector":"IUj1CfAE6sKyIDTJJEU0eX.1","action":"SyncServerConnectionManagerRequest", "result":"SYNC_SERVER_OK", "context":{"environment":"Prod_JapanEast_000f", "migrationStage":"NotStarted", "server":"GENERAL01000012"}}
{"logTime": "0615/145830", "correlationVector":"IUj1CfAE6sKyIDTJJEU0eX.3","action":"Commit.Sessions", "result":"Success", "context":{"id":"b18d4082-7e56-49f4-b817-46f9b4860bea", "isDeleted":"true", "size":"0", "version":"1686841079613"}}
{"logTime": "0615/145830", "correlationVector":"IUj1CfAE6sKyIDTJJEU0eX.2","action":"Commit Response", "result":"SYNCER_OK", "context":Result: SYNCER_OK. cV=IUj1CfAE6sKyIDTJJEU0eX.0;server=GENERAL01000012;cloudType=Consumer;environment=Prod_JapanEast_000f;migrationStage=NotStarted}
{"logTime": "0615/150034", "correlationVector":"qkj741T6/I4SRF3p7JnvW6","action":"Commit Request", "result":"", "context":Item count: 3
Contributing types: Sessions}
{"logTime": "0615/150035", "correlationVector":"qkj741T6/I4SRF3p7JnvW6.1","action":"SyncServerConnectionManagerRequest", "result":"SYNC_SERVER_OK", "context":{"environment":"Prod_JapanEast_000f", "migrationStage":"NotStarted", "server":"GENERAL01000010"}}
{"logTime": "0615/150035", "correlationVector":"qkj741T6/I4SRF3p7JnvW6.2","action":"Commit Response", "result":"SYNCER_OK", "context":Result: SYNCER_OK. cV=qkj741T6/I4SRF3p7JnvW6.0;server=GENERAL01000010;cloudType=Consumer;environment=Prod_JapanEast_000f;migrationStage=NotStarted}
{"logTime": "0615/150105", "correlationVector":"YEWcx5WpPDwMntszdTemQf","action":"Commit Request", "result":"", "context":Item count: 1
Contributing types: Sessions}
{"logTime": "0615/150105", "correlationVector":"YEWcx5WpPDwMntszdTemQf.1","action":"SyncServerConnectionManagerRequest", "result":"SYNC_SERVER_OK", "context":{"environment":"Prod_JapanEast_000f", "migrationStage":"NotStarted", "server":"GENERAL0100000K"}}
{"logTime": "0615/150105", "correlationVector":"YEWcx5WpPDwMntszdTemQf.2","action":"Commit Response", "result":"SYNCER_OK", "context":Result: SYNCER_OK. cV=YEWcx5WpPDwMntszdTemQf.0;server=GENERAL0100000K;cloudType=Consumer;environment=Prod_JapanEast_000f;migrationStage=NotStarted}
{"logTime": "0615/150712", "correlationVector":"/aNAinV2laKZdWMghYcBoS","action":"Normal GetUpdate request", "result":"", "context":cV=/aNAinV2laKZdWMghYcBoS
Nudged types: Sessions, User Consents
Refresh requested types: Bookmarks, Preferences, Passwords, Autofill Profiles, Autofill, Autofill Custom Data, Typed URLs, Extensions, Sessions, Extension settings, History Delete Directives, Device Info, User Consents, Send Tab To Self, Web Apps, Collection, Edge E Drop, Encryption Keys}
{"logTime": "0615/150712", "correlationVector":"k+VMBYg/UHWHGOXBpWlKDW.0","action":"FeedSettingFetch_homeCloud", "result":"0", "context":{}}
{"logTime": "0615/150713", "correlationVector":"/aNAinV2laKZdWMghYcBoS.1","action":"SyncServerConnectionManagerRequest", "result":"SYNC_SERVER_OK", "context":{"environment":"Prod_JapanEast_000f", "migrationStage":"NotStarted", "server":"GENERAL01000005"}}
{"logTime": "0615/150713", "correlationVector":"/aNAinV2laKZdWMghYcBoS.2","action":"GetUpdates", "result":"DeleteReceived", "context":{"id":"1ae3ae18-2e5c-4022-bcb3-e28121e60b94", "isDeleted:":"true", "version":"1686832975772"}}
{"logTime": "0615/150713", "correlationVector":"/aNAinV2laKZdWMghYcBoS.3","action":"GetUpdates", "result":"DeleteReceived", "context":{"id":"2b3a929c-ec25-448a-b2ff-6ff08da43ea0", "isDeleted:":"true", "version":"1686832975773"}}
{"logTime": "0615/150713", "correlationVector":"/aNAinV2laKZdWMghYcBoS.4","action":"GetUpdates", "result":"DeleteReceived", "context":{"id":"5c854942-8390-4130-b9b9-34fb8dd4988f", "isDeleted:":"true", "version":"1686832975774"}}
{"logTime": "0615/150713", "correlationVector":"/aNAinV2laKZdWMghYcBoS.5","action":"GetUpdates", "result":"DeleteReceived", "context":{"id":"03d65e97-1102-490c-983f-dd7076c92a0e", "isDeleted:":"true", "version":"1686832975775"}}
{"logTime": "0615/150713", "correlationVector":"/aNAinV2laKZdWMghYcBoS.6","action":"GetUpdates", "result":"DeleteReceived", "context":{"id":"e68ad3b0-c9cc-4912-8047-f1d2a87ab33e", "isDeleted:":"true", "version":"1686832975777"}}
{"logTime": "0615/150713", "correlationVector":"/aNAinV2laKZdWMghYcBoS.7","action":"GetUpdates", "result":"DeleteReceived", "context":{"id":"0044617e-14d6-4001-bfcf-b19bf80ab85d", "isDeleted:":"true", "version":"1686832975778"}}
{"logTime": "0615/150713", "correlationVector":"/aNAinV2laKZdWMghYcBoS.8","action":"GetUpdates", "result":"DeleteReceived", "context":{"id":"4895fffc-1acf-487e-b913-f690946210df", "isDeleted:":"true", "version":"1686832975779"}}
{"logTime": "0615/150713", "correlationVector":"/aNAinV2laKZdWMghYcBoS.9","action":"GetUpdates", "result":"DeleteReceived", "context":{"id":"3ebc04cc-4993-4769-93d1-5d7e661a4cf1", "isDeleted:":"true", "version":"1686832975780"}}
{"logTime": "0615/150713", "correlationVector":"/aNAinV2laKZdWMghYcBoS.10","action":"GetUpdates", "result":"DeleteReceived", "context":{"id":"403f9ee1-bd37-4213-9bea-0ba4c8ff5f10", "isDeleted:":"true", "version":"1686832975781"}}
{"logTime": "0615/150713", "correlationVector":"/aNAinV2laKZdWMghYcBoS.11","action":"GetUpdates", "result":"DeleteReceived", "context":{"id":"460af725-eb28-41d3-8590-2848c215a60c", "isDeleted:":"true", "version":"1686832975782"}}
{"logTime": "0615/150713", "correlationVector":"/aNAinV2laKZdWMghYcBoS.12","action":"GetUpdates", "result":"DeleteReceived", "context":{"id":"7ca1b0d0-c527-473b-aca2-5ca3fa3e25af", "isDeleted:":"true", "version":"1686832975783"}}
{"logTime": "0615/150713", "correlationVector":"/aNAinV2laKZdWMghYcBoS.13","action":"GetUpdates", "result":"DeleteReceived", "context":{"id":"2ef74d46-4da4-4406-8ccb-85ed919cf394", "isDeleted:":"true", "version":"1686832975784"}}
{"logTime": "0615/150713", "correlationVector":"/aNAinV2laKZdWMghYcBoS.14","action":"GetUpdates", "result":"DeleteReceived", "context":{"id":"8b1088c1-a56a-4f57-a049-5d4bf09d0c41", "isDeleted:":"true", "version":"1686834393273"}}
{"logTime": "0615/150713", "correlationVector":"/aNAinV2laKZdWMghYcBoS.15","action":"GetUpdates", "result":"DeleteReceived", "context":{"id":"ef8620ab-69bf-4099-afe2-7921239f8eda", "isDeleted:":"true", "version":"1686835075823"}}
{"logTime": "0615/150713", "correlationVector":"/aNAinV2laKZdWMghYcBoS.16","action":"GetUpdates", "result":"DeleteReceived", "context":{"id":"ff5d97d0-a965-4fe0-aa68-fb44d3d0cbf9", "isDeleted:":"true", "version":"1686835662545"}}
{"logTime": "0615/150713", "correlationVector":"/aNAinV2laKZdWMghYcBoS.17","action":"GetUpdates", "result":"DeleteReceived", "context":{"id":"845e254a-cf73-4510-b2ce-414866cfbb54", "isDeleted:":"true", "version":"1686835865118"}}
{"logTime": "0615/150713", "correlationVector":"/aNAinV2laKZdWMghYcBoS.18","action":"GetUpdates", "result":"DeleteReceived", "context":{"id":"74043e8b-d4af-4eef-9f8f-819401386ab8", "isDeleted:":"true", "version":"1686835865120"}}
{"logTime": "0615/150713", "correlationVector":"/aNAinV2laKZdWMghYcBoS.19","action":"GetUpdates", "result":"DeleteReceived", "context":{"id":"22bf2468-0daf-4c44-bf1c-1fba365f5eed", "isDeleted:":"true", "version":"1686835865121"}}
{"logTime": "0615/150713", "correlationVector":"/aNAinV2laKZdWMghYcBoS.20","action":"GetUpdates", "result":"DeleteReceived", "context":{"id":"34bb85d3-72cb-4854-a069-657ced5a5f3d", "isDeleted:":"true", "version":"1686836860646"}}
{"logTime": "0615/150713", "correlationVector":"/aNAinV2laKZdWMghYcBoS.21","action":"GetUpdates", "result":"DeleteReceived", "context":{"id":"857718c5-8e3e-43d1-b601-bb87018084a8", "isDeleted:":"true", "version":"1686836860647"}}
{"logTime": "0615/150713", "correlationVector":"/aNAinV2laKZdWMghYcBoS.22","action":"GetUpdates", "result":"DeleteReceived", "context":{"id":"54f94dbd-42cd-4e5e-a9c4-2d2801f44cc8", "isDeleted:":"true", "version":"1686836860649"}}
{"logTime": "0615/150713", "correlationVector":"/aNAinV2laKZdWMghYcBoS.23","action":"GetUpdates", "result":"DeleteReceived", "context":{"id":"81b7fdde-7e8a-40f2-a1b2-86104048e89a", "isDeleted:":"true", "version":"1686836860651"}}
{"logTime": "0615/150713", "correlationVector":"/aNAinV2laKZdWMghYcBoS.24","action":"GetUpdates", "result":"DeleteReceived", "context":{"id":"7a6e287c-5483-4d3c-a8db-c556e2dde0eb", "isDeleted:":"true", "version":"1686836860652"}}
{"logTime": "0615/150713", "correlationVector":"/aNAinV2laKZdWMghYcBoS.25","action":"GetUpdates", "result":"DeleteReceived", "context":{"id":"9149ab94-c134-40c6-9030-5ae586725693", "isDeleted:":"true", "version":"1686836860653"}}
{"logTime": "0615/150713", "correlationVector":"/aNAinV2laKZdWMghYcBoS.26","action":"GetUpdates", "result":"DeleteReceived", "context":{"id":"a0e212f1-d0c8-4578-8674-4957dbc024b4", "isDeleted:":"true", "version":"1686836860654"}}
{"logTime": "0615/150713", "correlationVector":"/aNAinV2laKZdWMghYcBoS.27","action":"GetUpdates", "result":"DeleteReceived", "context":{"id":"32e29965-f7fc-492d-a2ab-b010b656a09b", "isDeleted:":"true", "version":"1686836860655"}}
{"logTime": "0615/150713", "correlationVector":"/aNAinV2laKZdWMghYcBoS.28","action":"GetUpdates", "result":"DeleteReceived", "context":{"id":"7bf6814c-dd65-4712-89c8-a411c9f2dc97", "isDeleted:":"true", "version":"1686836860656"}}
{"logTime": "0615/150713", "correlationVector":"/aNAinV2laKZdWMghYcBoS.29","action":"GetUpdates", "result":"DeleteReceived", "context":{"id":"e5aae869-26cc-44ba-9ce2-54278981ded3", "isDeleted:":"true", "version":"1686836860657"}}
{"logTime": "0615/150713", "correlationVector":"/aNAinV2laKZdWMghYcBoS.30","action":"GetUpdates", "result":"DeleteReceived", "context":{"id":"999019d3-dbae-4ee1-989e-1c0fa1126b94", "isDeleted:":"true", "version":"1686837492860"}}
{"logTime": "0615/150713", "correlationVector":"/aNAinV2laKZdWMghYcBoS.31","action":"GetUpdates", "result":"DeleteReceived", "context":{"id":"2a698763-d213-4854-81db-6647b9a6c93b", "isDeleted:":"true", "version":"1686837492861"}}
{"logTime": "0615/150713", "correlationVector":"/aNAinV2laKZdWMghYcBoS.32","action":"GetUpdates", "result":"DeleteReceived", "context":{"id":"daf4a92f-631d-43fe-b35b-d73d38e14f22", "isDeleted:":"true", "version":"1686837492863"}}
{"logTime": "0615/150713", "correlationVector":"/aNAinV2laKZdWMghYcBoS.33","action":"GetUpdates", "result":"DeleteReceived", "context":{"id":"9af114d8-a0e3-43ba-b6fc-0dc52f1aa604", "isDeleted:":"true", "version":"1686837492864"}}
{"logTime": "0615/150713", "correlationVector":"/aNAinV2laKZdWMghYcBoS.34","action":"GetUpdates", "result":"DeleteReceived", "context":{"id":"e2afc50a-06b7-49db-bb6c-a0ab3a86ab4e", "isDeleted:":"true", "version":"1686837492865"}}
{"logTime": "0615/150713", "correlationVector":"/aNAinV2laKZdWMghYcBoS.35","action":"GetUpdates", "result":"DeleteReceived", "context":{"id":"9e32957f-c9ad-468c-8b20-53d6f6d7dea8", "isDeleted:":"true", "version":"1686839139466"}}
{"logTime": "0615/150713", "correlationVector":"/aNAinV2laKZdWMghYcBoS.36","action":"GetUpdates", "result":"DeleteReceived", "context":{"id":"0d8a9685-7703-4117-975e-8d67b730cd38", "isDeleted:":"true", "version":"1686839139467"}}
{"logTime": "0615/150713", "correlationVector":"/aNAinV2laKZdWMghYcBoS.37","action":"GetUpdates", "result":"DeleteReceived", "context":{"id":"ec4a6227-81b0-4409-aedd-472c932e5c0b", "isDeleted:":"true", "version":"1686839139469"}}
{"logTime": "0615/150713", "correlationVector":"/aNAinV2laKZdWMghYcBoS.38","action":"GetUpdates", "result":"DeleteReceived", "context":{"id":"49dd78eb-c163-4cc3-8fad-c2461dd879fa", "isDeleted:":"true", "version":"1686839371084"}}
{"logTime": "0615/150713", "correlationVector":"/aNAinV2laKZdWMghYcBoS.39","action":"GetUpdates", "result":"DeleteReceived", "context":{"id":"b18d4082-7e56-49f4-b817-46f9b4860bea", "isDeleted:":"true", "version":"1686841110448"}}
{"logTime": "0615/150713", "correlationVector":"/aNAinV2laKZdWMghYcBoS.40","action":"GetUpdates Response", "result":"SYNCER_OK", "context":Received 55 update(s). cV=/aNAinV2laKZdWMghYcBoS.0;server=GENERAL01000005;cloudType=Consumer;environment=Prod_JapanEast_000f;migrationStage=NotStarted}
{"logTime": "0615/150713", "correlationVector":"3FAWa4Sb2ghBSAVDQWIlUU","action":"Commit Request", "result":"", "context":Item count: 9
Contributing types: Sessions, User Consents}
{"logTime": "0615/150714", "correlationVector":"3FAWa4Sb2ghBSAVDQWIlUU.1","action":"SyncServerConnectionManagerRequest", "result":"SYNC_SERVER_OK", "context":{"environment":"Prod_JapanEast_000f", "migrationStage":"NotStarted", "server":"GENERAL0100000O"}}
{"logTime": "0615/150714", "correlationVector":"3FAWa4Sb2ghBSAVDQWIlUU.3","action":"Commit.Sessions", "result":"Success", "context":{"id":"333a7d09-4fa9-447c-b150-de494daa8b06", "isDeleted":"true", "size":"0", "version":"1686841234679"}}
{"logTime": "0615/150714", "correlationVector":"3FAWa4Sb2ghBSAVDQWIlUU.4","action":"Commit.Sessions", "result":"Success", "context":{"id":"66299dab-33e4-4c6e-9661-5250676b8294", "isDeleted":"true", "size":"0", "version":"1686833218981"}}
{"logTime": "0615/150714", "correlationVector":"3FAWa4Sb2ghBSAVDQWIlUU.5","action":"Commit.Sessions", "result":"Success", "context":{"id":"d106741f-00a3-4d33-8ef3-66b237d0d1e2", "isDeleted":"true", "size":"0", "version":"1686841234680"}}
{"logTime": "0615/150714", "correlationVector":"3FAWa4Sb2ghBSAVDQWIlUU.6","action":"Commit.Sessions", "result":"Success", "context":{"id":"c5a50339-6e61-4e9e-bc4d-1372547bbd1a", "isDeleted":"true", "size":"0", "version":"1686833310016"}}
{"logTime": "0615/150714", "correlationVector":"3FAWa4Sb2ghBSAVDQWIlUU.7","action":"Commit.Sessions", "result":"Success", "context":{"id":"3764291a-28a9-450c-8c35-17a9773e3151", "isDeleted":"true", "size":"0", "version":"1686836860650"}}
{"logTime": "0615/150714", "correlationVector":"3FAWa4Sb2ghBSAVDQWIlUU.8","action":"Commit.Sessions", "result":"Success", "context":{"id":"721eb9e6-99d9-4f0c-b145-2d8cfe766b53", "isDeleted":"true", "size":"0", "version":"1686841265480"}}
{"logTime": "0615/150714", "correlationVector":"3FAWa4Sb2ghBSAVDQWIlUU.2","action":"Commit Response", "result":"SYNCER_OK", "context":Result: SYNCER_OK. cV=3FAWa4Sb2ghBSAVDQWIlUU.0;server=GENERAL0100000O;cloudType=Consumer;environment=Prod_JapanEast_000f;migrationStage=NotStarted}
{"logTime": "0615/150714", "correlationVector":"3FAWa4Sb2ghBSAVDQWIlUU.9","action":"Commit.Sessions", "result":"Success", "context":{"id":"578619c7-5345-492b-9c5d-8b8d427f7ced", "isDeleted":"true", "size":"0", "version":"1686838472912"}}
{"logTime": "0615/150744", "correlationVector":"wnaHmz5udy4pYX2HhGSgEA","action":"Commit Request", "result":"", "context":Item count: 8
Contributing types: Sessions}
{"logTime": "0615/150746", "correlationVector":"wnaHmz5udy4pYX2HhGSgEA.1","action":"SyncServerConnectionManagerRequest", "result":"SYNC_SERVER_OK", "context":{"environment":"Prod_JapanEast_000f", "migrationStage":"NotStarted", "server":"GENERAL0100000L"}}
{"logTime": "0615/150746", "correlationVector":"wnaHmz5udy4pYX2HhGSgEA.2","action":"Commit Response", "result":"SYNCER_OK", "context":Result: SYNCER_OK. cV=wnaHmz5udy4pYX2HhGSgEA.0;server=GENERAL0100000L;cloudType=Consumer;environment=Prod_JapanEast_000f;migrationStage=NotStarted}
{"logTime": "0615/150928", "correlationVector":"vDFssa9x/cytOEahb/6mAO","action":"Commit Request", "result":"", "context":Item count: 5
Contributing types: Autofill, Typed URLs, Sessions}
{"logTime": "0615/150929", "correlationVector":"vDFssa9x/cytOEahb/6mAO.1","action":"SyncServerConnectionManagerRequest", "result":"SYNC_SERVER_OK", "context":{"environment":"Prod_JapanEast_000f", "migrationStage":"NotStarted", "server":"GENERAL01000007"}}
{"logTime": "0615/150929", "correlationVector":"vDFssa9x/cytOEahb/6mAO.2","action":"Commit Response", "result":"SYNCER_OK", "context":Result: SYNCER_OK. cV=vDFssa9x/cytOEahb/6mAO.0;server=GENERAL01000007;cloudType=Consumer;environment=Prod_JapanEast_000f;migrationStage=NotStarted}
{"logTime": "0615/151142", "correlationVector":"e8YwP7wC96vu/q1nHN7MPG","action":"Commit Request", "result":"", "context":Item count: 5
Contributing types: Sessions}
{"logTime": "0615/151143", "correlationVector":"e8YwP7wC96vu/q1nHN7MPG.1","action":"SyncServerConnectionManagerRequest", "result":"SYNC_SERVER_OK", "context":{"environment":"Prod_JapanEast_000f", "migrationStage":"NotStarted", "server":"GENERAL01000000"}}
{"logTime": "0615/151143", "correlationVector":"e8YwP7wC96vu/q1nHN7MPG.2","action":"Commit Response", "result":"SYNCER_OK", "context":Result: SYNCER_OK. cV=e8YwP7wC96vu/q1nHN7MPG.0;server=GENERAL01000000;cloudType=Consumer;environment=Prod_JapanEast_000f;migrationStage=NotStarted}
{"logTime": "0615/151342", "correlationVector":"3TfeRRH9HxSEg4PbsPFXiL","action":"Commit Request", "result":"", "context":Item count: 4
Contributing types: Sessions}
{"logTime": "0615/151343", "correlationVector":"3TfeRRH9HxSEg4PbsPFXiL.1","action":"SyncServerConnectionManagerRequest", "result":"SYNC_SERVER_OK", "context":{"environment":"Prod_JapanEast_000f", "migrationStage":"NotStarted", "server":"GENERAL0100000N"}}
{"logTime": "0615/151343", "correlationVector":"3TfeRRH9HxSEg4PbsPFXiL.2","action":"Commit Response", "result":"SYNCER_OK", "context":Result: SYNCER_OK. cV=3TfeRRH9HxSEg4PbsPFXiL.0;server=GENERAL0100000N;cloudType=Consumer;environment=Prod_JapanEast_000f;migrationStage=NotStarted}
{"logTime": "0615/151439", "correlationVector":"etXZyg2nbIDnOZbWvjvyUO","action":"Commit Request", "result":"", "context":Item count: 1
Contributing types: Sessions}
{"logTime": "0615/151439", "correlationVector":"etXZyg2nbIDnOZbWvjvyUO.1","action":"SyncServerConnectionManagerRequest", "result":"SYNC_SERVER_OK", "context":{"environment":"Prod_JapanEast_000f", "migrationStage":"NotStarted", "server":"GENERAL0100000K"}}
{"logTime": "0615/151439", "correlationVector":"etXZyg2nbIDnOZbWvjvyUO.2","action":"Commit Response", "result":"SYNCER_OK", "context":Result: SYNCER_OK. cV=etXZyg2nbIDnOZbWvjvyUO.0;server=GENERAL0100000K;cloudType=Consumer;environment=Prod_JapanEast_000f;migrationStage=NotStarted}
{"logTime": "0615/151622", "correlationVector":"sidvoPZVcp2aiRpBfkzKc3","action":"Commit Request", "result":"", "context":Item count: 3
Contributing types: Typed URLs, Sessions}
{"logTime": "0615/151623", "correlationVector":"sidvoPZVcp2aiRpBfkzKc3.1","action":"SyncServerConnectionManagerRequest", "result":"SYNC_SERVER_OK", "context":{"environment":"Prod_JapanEast_000f", "migrationStage":"NotStarted", "server":"GENERAL0100000Y"}}
{"logTime": "0615/151623", "correlationVector":"sidvoPZVcp2aiRpBfkzKc3.2","action":"Commit Response", "result":"SYNCER_OK", "context":Result: SYNCER_OK. cV=sidvoPZVcp2aiRpBfkzKc3.0;server=GENERAL0100000Y;cloudType=Consumer;environment=Prod_JapanEast_000f;migrationStage=NotStarted}
{"logTime": "0615/151721", "correlationVector":"OcLsZi7/XzN8dL94TGiczR","action":"Commit Request", "result":"", "context":Item count: 3
Contributing types: Sessions}
{"logTime": "0615/151722", "correlationVector":"OcLsZi7/XzN8dL94TGiczR.1","action":"SyncServerConnectionManagerRequest", "result":"SYNC_SERVER_OK", "context":{"environment":"Prod_JapanEast_000f", "migrationStage":"NotStarted", "server":"GENERAL0100000P"}}
{"logTime": "0615/151722", "correlationVector":"OcLsZi7/XzN8dL94TGiczR.2","action":"Commit Response", "result":"SYNCER_OK", "context":Result: SYNCER_OK. cV=OcLsZi7/XzN8dL94TGiczR.0;server=GENERAL0100000P;cloudType=Consumer;environment=Prod_JapanEast_000f;migrationStage=NotStarted}
{"logTime": "0615/151805", "correlationVector":"hMnkFUgEAdeoa6bZrzPaLH","action":"Commit Request", "result":"", "context":Item count: 1
Contributing types: Sessions}
{"logTime": "0615/151806", "correlationVector":"hMnkFUgEAdeoa6bZrzPaLH.1","action":"SyncServerConnectionManagerRequest", "result":"SYNC_SERVER_OK", "context":{"environment":"Prod_JapanEast_000f", "migrationStage":"NotStarted", "server":"general0100001Q"}}
{"logTime": "0615/151806", "correlationVector":"hMnkFUgEAdeoa6bZrzPaLH.2","action":"Commit Response", "result":"SYNCER_OK", "context":Result: SYNCER_OK. cV=hMnkFUgEAdeoa6bZrzPaLH.0;server=general0100001Q;cloudType=Consumer;environment=Prod_JapanEast_000f;migrationStage=NotStarted}
{"logTime": "0615/151921", "correlationVector":"YjHtrrcUWKfNf/UBfkWE73","action":"Commit Request", "result":"", "context":Item count: 5
Contributing types: Sessions}
{"logTime": "0615/151922", "correlationVector":"YjHtrrcUWKfNf/UBfkWE73.1","action":"SyncServerConnectionManagerRequest", "result":"SYNC_SERVER_OK", "context":{"environment":"Prod_JapanEast_000f", "migrationStage":"NotStarted", "server":"GENERAL0100000L"}}
{"logTime": "0615/151922", "correlationVector":"YjHtrrcUWKfNf/UBfkWE73.2","action":"Commit Response", "result":"SYNCER_OK", "context":Result: SYNCER_OK. cV=YjHtrrcUWKfNf/UBfkWE73.0;server=GENERAL0100000L;cloudType=Consumer;environment=Prod_JapanEast_000f;migrationStage=NotStarted}
{"logTime": "0615/151936", "correlationVector":"gr/iO/vbHPu2Dna7sRDV0S","action":"Commit Request", "result":"", "context":Item count: 2
Contributing types: Passwords, Sessions}
{"logTime": "0615/151937", "correlationVector":"gr/iO/vbHPu2Dna7sRDV0S.1","action":"SyncServerConnectionManagerRequest", "result":"SYNC_SERVER_OK", "context":{"environment":"Prod_JapanEast_000f", "migrationStage":"NotStarted", "server":"general0100001S"}}
{"logTime": "0615/151937", "correlationVector":"gr/iO/vbHPu2Dna7sRDV0S.2","action":"Commit Response", "result":"SYNCER_OK", "context":Result: SYNCER_OK. cV=gr/iO/vbHPu2Dna7sRDV0S.0;server=general0100001S;cloudType=Consumer;environment=Prod_JapanEast_000f;migrationStage=NotStarted}
{"logTime": "0615/152017", "correlationVector":"2DcFwaI3d/xFr+HPwoH/Ki","action":"Commit Request", "result":"", "context":Item count: 2
Contributing types: Sessions}
{"logTime": "0615/152018", "correlationVector":"2DcFwaI3d/xFr+HPwoH/Ki.1","action":"SyncServerConnectionManagerRequest", "result":"SYNC_SERVER_OK", "context":{"environment":"Prod_JapanEast_000f", "migrationStage":"NotStarted", "server":"GENERAL0100000D"}}
{"logTime": "0615/152018", "correlationVector":"2DcFwaI3d/xFr+HPwoH/Ki.2","action":"Commit Response", "result":"SYNCER_OK", "context":Result: SYNCER_OK. cV=2DcFwaI3d/xFr+HPwoH/Ki.0;server=GENERAL0100000D;cloudType=Consumer;environment=Prod_JapanEast_000f;migrationStage=NotStarted}
{"logTime": "0615/152020", "correlationVector":"JjRCyp/IvK/RmmxAxgCvyA","action":"Commit Request", "result":"", "context":Item count: 2
Contributing types: Autofill, Sessions}
{"logTime": "0615/152021", "correlationVector":"JjRCyp/IvK/RmmxAxgCvyA.1","action":"SyncServerConnectionManagerRequest", "result":"SYNC_SERVER_OK", "context":{"environment":"Prod_JapanEast_000f", "migrationStage":"NotStarted", "server":"general0100001P"}}
{"logTime": "0615/152021", "correlationVector":"JjRCyp/IvK/RmmxAxgCvyA.2","action":"Commit Response", "result":"SYNCER_OK", "context":Result: SYNCER_OK. cV=JjRCyp/IvK/RmmxAxgCvyA.0;server=general0100001P;cloudType=Consumer;environment=Prod_JapanEast_000f;migrationStage=NotStarted}
{"logTime": "0615/152051", "correlationVector":"xf+Fm31waE5uuxe19YpIpK","action":"Commit Request", "result":"", "context":Item count: 1
Contributing types: Sessions}
{"logTime": "0615/152052", "correlationVector":"xf+Fm31waE5uuxe19YpIpK.1","action":"SyncServerConnectionManagerRequest", "result":"SYNC_SERVER_OK", "context":{"environment":"Prod_JapanEast_000f", "migrationStage":"NotStarted", "server":"GENERAL01000010"}}
{"logTime": "0615/152052", "correlationVector":"xf+Fm31waE5uuxe19YpIpK.2","action":"Commit Response", "result":"SYNCER_OK", "context":Result: SYNCER_OK. cV=xf+Fm31waE5uuxe19YpIpK.0;server=GENERAL01000010;cloudType=Consumer;environment=Prod_JapanEast_000f;migrationStage=NotStarted}
{"logTime": "0615/152127", "correlationVector":"jrJceSUTUi2dbVm2ObArAM","action":"Commit Request", "result":"", "context":Item count: 4
Contributing types: Sessions}
{"logTime": "0615/152128", "correlationVector":"jrJceSUTUi2dbVm2ObArAM.1","action":"SyncServerConnectionManagerRequest", "result":"SYNC_SERVER_OK", "context":{"environment":"Prod_JapanEast_000f", "migrationStage":"NotStarted", "server":"GENERAL01000006"}}
{"logTime": "0615/152128", "correlationVector":"jrJceSUTUi2dbVm2ObArAM.3","action":"Commit.Sessions", "result":"Success", "context":{"id":"b4277925-4d10-4d79-9e45-a52075313577", "isDeleted":"true", "size":"0", "version":"1686842023340"}}
{"logTime": "0615/152128", "correlationVector":"jrJceSUTUi2dbVm2ObArAM.2","action":"Commit Response", "result":"SYNCER_OK", "context":Result: SYNCER_OK. cV=jrJceSUTUi2dbVm2ObArAM.0;server=GENERAL01000006;cloudType=Consumer;environment=Prod_JapanEast_000f;migrationStage=NotStarted}
{"logTime": "0615/152200", "correlationVector":"niffc4enhbbF01z9orPJSm","action":"Commit Request", "result":"", "context":Item count: 2
Contributing types: Sessions}
{"logTime": "0615/152201", "correlationVector":"niffc4enhbbF01z9orPJSm.1","action":"SyncServerConnectionManagerRequest", "result":"SYNC_SERVER_OK", "context":{"environment":"Prod_JapanEast_000f", "migrationStage":"NotStarted", "server":"GENERAL01000004"}}
{"logTime": "0615/152201", "correlationVector":"niffc4enhbbF01z9orPJSm.2","action":"Commit Response", "result":"SYNCER_OK", "context":Result: SYNCER_OK. cV=niffc4enhbbF01z9orPJSm.0;server=GENERAL01000004;cloudType=Consumer;environment=Prod_JapanEast_000f;migrationStage=NotStarted}
{"logTime": "0615/152246", "correlationVector":"aUsL8Yaw4yjXk/ZG1e2jS3","action":"Commit Request", "result":"", "context":Item count: 4
Contributing types: Sessions}
{"logTime": "0615/152247", "correlationVector":"aUsL8Yaw4yjXk/ZG1e2jS3.1","action":"SyncServerConnectionManagerRequest", "result":"SYNC_SERVER_OK", "context":{"environment":"Prod_JapanEast_000f", "migrationStage":"NotStarted", "server":"GENERAL01000006"}}
{"logTime": "0615/152247", "correlationVector":"aUsL8Yaw4yjXk/ZG1e2jS3.2","action":"Commit Response", "result":"SYNCER_OK", "context":Result: SYNCER_OK. cV=aUsL8Yaw4yjXk/ZG1e2jS3.0;server=GENERAL01000006;cloudType=Consumer;environment=Prod_JapanEast_000f;migrationStage=NotStarted}
{"logTime": "0615/152318", "correlationVector":"ebveZn13DrhETMuqOSa+P6","action":"Commit Request", "result":"", "context":Item count: 4
Contributing types: Sessions}
{"logTime": "0615/152319", "correlationVector":"ebveZn13DrhETMuqOSa+P6.1","action":"SyncServerConnectionManagerRequest", "result":"SYNC_SERVER_OK", "context":{"environment":"Prod_JapanEast_000f", "migrationStage":"NotStarted", "server":"general0100001R"}}
{"logTime": "0615/152319", "correlationVector":"ebveZn13DrhETMuqOSa+P6.2","action":"Commit Response", "result":"SYNCER_OK", "context":Result: SYNCER_OK. cV=ebveZn13DrhETMuqOSa+P6.0;server=general0100001R;cloudType=Consumer;environment=Prod_JapanEast_000f;migrationStage=NotStarted}
{"logTime": "0615/152401", "correlationVector":"U9nXHf9spvyYdz+9aW/zTu","action":"Commit Request", "result":"", "context":Item count: 4
Contributing types: Sessions}
{"logTime": "0615/152402", "correlationVector":"U9nXHf9spvyYdz+9aW/zTu.1","action":"SyncServerConnectionManagerRequest", "result":"SYNC_SERVER_OK", "context":{"environment":"Prod_JapanEast_000f", "migrationStage":"NotStarted", "server":"GENERAL0100000R"}}
{"logTime": "0615/152402", "correlationVector":"U9nXHf9spvyYdz+9aW/zTu.3","action":"Commit.Sessions", "result":"Success", "context":{"id":"23604b1b-9fb8-4d3d-82ac-ba13ace2af2b", "isDeleted":"true", "size":"0", "version":"1686842599289"}}
{"logTime": "0615/152402", "correlationVector":"U9nXHf9spvyYdz+9aW/zTu.2","action":"Commit Response", "result":"SYNCER_OK", "context":Result: SYNCER_OK. cV=U9nXHf9spvyYdz+9aW/zTu.0;server=GENERAL0100000R;cloudType=Consumer;environment=Prod_JapanEast_000f;migrationStage=NotStarted}
{"logTime": "0615/152434", "correlationVector":"1grxXUZMesG0WMAar+1bOs","action":"Commit Request", "result":"", "context":Item count: 1
Contributing types: Sessions}
{"logTime": "0615/152435", "correlationVector":"1grxXUZMesG0WMAar+1bOs.1","action":"SyncServerConnectionManagerRequest", "result":"SYNC_SERVER_OK", "context":{"environment":"Prod_JapanEast_000f", "migrationStage":"NotStarted", "server":"GENERAL01000010"}}
{"logTime": "0615/152435", "correlationVector":"1grxXUZMesG0WMAar+1bOs.2","action":"Commit Response", "result":"SYNCER_OK", "context":Result: SYNCER_OK. cV=1grxXUZMesG0WMAar+1bOs.0;server=GENERAL01000010;cloudType=Consumer;environment=Prod_JapanEast_000f;migrationStage=NotStarted}
{"logTime": "0615/152623", "correlationVector":"HNSqk8zF1rv091An8I8A1a","action":"Commit Request", "result":"", "context":Item count: 2
Contributing types: Sessions}
{"logTime": "0615/152624", "correlationVector":"HNSqk8zF1rv091An8I8A1a.1","action":"SyncServerConnectionManagerRequest", "result":"SYNC_SERVER_OK", "context":{"environment":"Prod_JapanEast_000f", "migrationStage":"NotStarted", "server":"GENERAL0100000Z"}}
{"logTime": "0615/152624", "correlationVector":"HNSqk8zF1rv091An8I8A1a.2","action":"Commit Response", "result":"SYNCER_OK", "context":Result: SYNCER_OK. cV=HNSqk8zF1rv091An8I8A1a.0;server=GENERAL0100000Z;cloudType=Consumer;environment=Prod_JapanEast_000f;migrationStage=NotStarted}
